2020-02-05 11:21:16,035 - root - INFO - ** Kedro project pipeline_Kedro
2020-02-05 11:21:16,040 - kedro.versioning.journal - WARNING - Unable to git describe C:\Users\takafumi.a.ito\Desktop\Job2020\DEX\Pipeline_Experimence\pipeline_Kedro
2020-02-05 11:21:16,053 - kedro.io.data_catalog - INFO - Loading data from `example_iris_data` (CSVLocalDataSet)...
2020-02-05 11:21:16,066 - kedro.io.data_catalog - INFO - Loading data from `params:example_test_data_ratio` (MemoryDataSet)...
2020-02-05 11:21:16,067 - kedro.pipeline.node - INFO - Running node: split_data([example_iris_data,params:example_test_data_ratio]) -> [example_test_x,example_test_y,example_train_x,example_train_y]
2020-02-05 11:21:16,074 - kedro.io.data_catalog - INFO - Saving data to `example_train_x` (MemoryDataSet)...
2020-02-05 11:21:16,074 - kedro.io.data_catalog - INFO - Saving data to `example_train_y` (MemoryDataSet)...
2020-02-05 11:21:16,075 - kedro.io.data_catalog - INFO - Saving data to `example_test_x` (MemoryDataSet)...
2020-02-05 11:21:16,075 - kedro.io.data_catalog - INFO - Saving data to `example_test_y` (MemoryDataSet)...
2020-02-05 11:21:16,075 - kedro.runner.sequential_runner - INFO - Completed 1 out of 4 tasks
2020-02-05 11:21:16,075 - kedro.io.data_catalog - INFO - Loading data from `example_train_x` (MemoryDataSet)...
2020-02-05 11:21:16,075 - kedro.io.data_catalog - INFO - Loading data from `example_train_y` (MemoryDataSet)...
2020-02-05 11:21:16,076 - kedro.io.data_catalog - INFO - Loading data from `parameters` (MemoryDataSet)...
2020-02-05 11:21:16,076 - kedro.pipeline.node - INFO - Running node: train_model([example_train_x,example_train_y,parameters]) -> [example_model]
2020-02-05 11:21:16,390 - kedro.io.data_catalog - INFO - Saving data to `example_model` (MemoryDataSet)...
2020-02-05 11:21:16,391 - kedro.runner.sequential_runner - INFO - Completed 2 out of 4 tasks
2020-02-05 11:21:16,391 - kedro.io.data_catalog - INFO - Loading data from `example_model` (MemoryDataSet)...
2020-02-05 11:21:16,392 - kedro.io.data_catalog - INFO - Loading data from `example_test_x` (MemoryDataSet)...
2020-02-05 11:21:16,392 - kedro.pipeline.node - INFO - Running node: predict([example_model,example_test_x]) -> [example_predictions]
2020-02-05 11:21:16,465 - kedro.io.data_catalog - INFO - Saving data to `example_predictions` (MemoryDataSet)...
2020-02-05 11:21:16,466 - kedro.runner.sequential_runner - INFO - Completed 3 out of 4 tasks
2020-02-05 11:21:16,466 - kedro.io.data_catalog - INFO - Loading data from `example_predictions` (MemoryDataSet)...
2020-02-05 11:21:16,466 - kedro.io.data_catalog - INFO - Loading data from `example_test_y` (MemoryDataSet)...
2020-02-05 11:21:16,467 - kedro.pipeline.node - INFO - Running node: report_accuracy([example_predictions,example_test_y]) -> None
2020-02-05 11:21:16,467 - dex_pipeline_kedro.pipelines.data_science.nodes - INFO - Model accuracy on test set: 100.00%
2020-02-05 11:21:16,467 - kedro.runner.sequential_runner - INFO - Completed 4 out of 4 tasks
2020-02-05 11:21:16,468 - kedro.runner.sequential_runner - INFO - Pipeline execution completed successfully.
2020-02-05 11:54:52,884 - root - INFO - ** Kedro project pipeline_Kedro
2020-02-05 11:54:52,889 - kedro.versioning.journal - WARNING - Unable to git describe C:\Users\takafumi.a.ito\Desktop\Job2020\DEX\Pipeline_Experimence\pipeline_Kedro
2020-02-05 11:54:52,905 - kedro.io.data_catalog - INFO - Loading data from `example_iris_data` (CSVLocalDataSet)...
2020-02-05 11:54:52,964 - kedro.io.data_catalog - INFO - Loading data from `params:example_test_data_ratio` (MemoryDataSet)...
2020-02-05 11:54:52,965 - kedro.pipeline.node - INFO - Running node: split_data([example_iris_data,params:example_test_data_ratio]) -> [example_test_x,example_test_y,example_train_x,example_train_y]
2020-02-05 11:54:52,971 - kedro.io.data_catalog - INFO - Saving data to `example_train_x` (MemoryDataSet)...
2020-02-05 11:54:52,971 - kedro.io.data_catalog - INFO - Saving data to `example_train_y` (MemoryDataSet)...
2020-02-05 11:54:52,971 - kedro.io.data_catalog - INFO - Saving data to `example_test_x` (MemoryDataSet)...
2020-02-05 11:54:52,972 - kedro.io.data_catalog - INFO - Saving data to `example_test_y` (MemoryDataSet)...
2020-02-05 11:54:52,972 - kedro.runner.sequential_runner - INFO - Completed 1 out of 4 tasks
2020-02-05 11:54:52,972 - kedro.io.data_catalog - INFO - Loading data from `example_train_x` (MemoryDataSet)...
2020-02-05 11:54:52,973 - kedro.io.data_catalog - INFO - Loading data from `example_train_y` (MemoryDataSet)...
2020-02-05 11:54:52,973 - kedro.io.data_catalog - INFO - Loading data from `parameters` (MemoryDataSet)...
2020-02-05 11:54:52,973 - kedro.pipeline.node - INFO - Running node: train_model([example_train_x,example_train_y,parameters]) -> [example_model]
2020-02-05 11:54:53,237 - kedro.io.data_catalog - INFO - Saving data to `example_model` (MemoryDataSet)...
2020-02-05 11:54:53,238 - kedro.runner.sequential_runner - INFO - Completed 2 out of 4 tasks
2020-02-05 11:54:53,238 - kedro.io.data_catalog - INFO - Loading data from `example_model` (MemoryDataSet)...
2020-02-05 11:54:53,239 - kedro.io.data_catalog - INFO - Loading data from `example_test_x` (MemoryDataSet)...
2020-02-05 11:54:53,239 - kedro.pipeline.node - INFO - Running node: predict([example_model,example_test_x]) -> [example_predictions]
2020-02-05 11:54:53,242 - kedro.io.data_catalog - INFO - Saving data to `example_predictions` (MemoryDataSet)...
2020-02-05 11:54:53,243 - kedro.runner.sequential_runner - INFO - Completed 3 out of 4 tasks
2020-02-05 11:54:53,243 - kedro.io.data_catalog - INFO - Loading data from `example_predictions` (MemoryDataSet)...
2020-02-05 11:54:53,243 - kedro.io.data_catalog - INFO - Loading data from `example_test_y` (MemoryDataSet)...
2020-02-05 11:54:53,244 - kedro.pipeline.node - INFO - Running node: report_accuracy([example_predictions,example_test_y]) -> None
2020-02-05 11:54:53,244 - dex_pipeline_kedro.pipelines.data_science.nodes - INFO - Model accuracy on test set: 100.00%
2020-02-05 11:54:53,244 - kedro.runner.sequential_runner - INFO - Completed 4 out of 4 tasks
2020-02-05 11:54:53,246 - kedro.runner.sequential_runner - INFO - Pipeline execution completed successfully.
2020-02-05 12:01:25,814 - root - INFO - ** Kedro project pipeline_Kedro
2020-02-05 12:01:25,814 - kedro.versioning.journal - WARNING - Unable to git describe C:\Users\takafumi.a.ito\Desktop\Job2020\DEX\Pipeline_Experimence\pipeline_Kedro
2020-02-05 12:01:25,831 - kedro.io.data_catalog - INFO - Loading data from `example_iris_data` (CSVLocalDataSet)...
2020-02-05 12:01:25,846 - kedro.io.data_catalog - INFO - Loading data from `params:example_test_data_ratio` (MemoryDataSet)...
2020-02-05 12:01:25,846 - kedro.pipeline.node - INFO - Running node: split_data([example_iris_data,params:example_test_data_ratio]) -> [example_test_x,example_test_y,example_train_x,example_train_y]
2020-02-05 12:01:25,846 - kedro.io.data_catalog - INFO - Saving data to `example_train_x` (MemoryDataSet)...
2020-02-05 12:01:25,846 - kedro.io.data_catalog - INFO - Saving data to `example_train_y` (MemoryDataSet)...
2020-02-05 12:01:25,846 - kedro.io.data_catalog - INFO - Saving data to `example_test_x` (MemoryDataSet)...
2020-02-05 12:01:25,846 - kedro.io.data_catalog - INFO - Saving data to `example_test_y` (MemoryDataSet)...
2020-02-05 12:01:25,846 - kedro.runner.sequential_runner - INFO - Completed 1 out of 4 tasks
2020-02-05 12:01:25,846 - kedro.io.data_catalog - INFO - Loading data from `example_train_x` (MemoryDataSet)...
2020-02-05 12:01:25,846 - kedro.io.data_catalog - INFO - Loading data from `example_train_y` (MemoryDataSet)...
2020-02-05 12:01:25,846 - kedro.io.data_catalog - INFO - Loading data from `parameters` (MemoryDataSet)...
2020-02-05 12:01:25,846 - kedro.pipeline.node - INFO - Running node: train_model([example_train_x,example_train_y,parameters]) -> [example_model]
2020-02-05 12:01:26,131 - kedro.io.data_catalog - INFO - Saving data to `example_model` (MemoryDataSet)...
2020-02-05 12:01:26,131 - kedro.runner.sequential_runner - INFO - Completed 2 out of 4 tasks
2020-02-05 12:01:26,132 - kedro.io.data_catalog - INFO - Loading data from `example_model` (MemoryDataSet)...
2020-02-05 12:01:26,132 - kedro.io.data_catalog - INFO - Loading data from `example_test_x` (MemoryDataSet)...
2020-02-05 12:01:26,133 - kedro.pipeline.node - INFO - Running node: predict([example_model,example_test_x]) -> [example_predictions]
2020-02-05 12:01:26,136 - kedro.io.data_catalog - INFO - Saving data to `example_predictions` (MemoryDataSet)...
2020-02-05 12:01:26,137 - kedro.runner.sequential_runner - INFO - Completed 3 out of 4 tasks
2020-02-05 12:01:26,137 - kedro.io.data_catalog - INFO - Loading data from `example_predictions` (MemoryDataSet)...
2020-02-05 12:01:26,137 - kedro.io.data_catalog - INFO - Loading data from `example_test_y` (MemoryDataSet)...
2020-02-05 12:01:26,137 - kedro.pipeline.node - INFO - Running node: report_accuracy([example_predictions,example_test_y]) -> None
2020-02-05 12:01:26,138 - dex_pipeline_kedro.pipelines.data_science.nodes - INFO - Model accuracy on test set: 96.67%
2020-02-05 12:01:26,138 - kedro.runner.sequential_runner - INFO - Completed 4 out of 4 tasks
2020-02-05 12:01:26,138 - kedro.runner.sequential_runner - INFO - Pipeline execution completed successfully.
2020-02-05 12:01:35,586 - root - INFO - ** Kedro project pipeline_Kedro
2020-02-05 12:01:35,601 - kedro.versioning.journal - WARNING - Unable to git describe C:\Users\takafumi.a.ito\Desktop\Job2020\DEX\Pipeline_Experimence\pipeline_Kedro
2020-02-05 12:01:35,601 - kedro.io.data_catalog - INFO - Loading data from `example_iris_data` (CSVLocalDataSet)...
2020-02-05 12:01:35,617 - kedro.io.data_catalog - INFO - Loading data from `params:example_test_data_ratio` (MemoryDataSet)...
2020-02-05 12:01:35,617 - kedro.pipeline.node - INFO - Running node: split_data([example_iris_data,params:example_test_data_ratio]) -> [example_test_x,example_test_y,example_train_x,example_train_y]
2020-02-05 12:01:35,617 - kedro.pipeline.node - ERROR - Node `split_data([example_iris_data,params:example_test_data_ratio]) -> [example_test_x,example_test_y,example_train_x,example_train_y]` failed with error: 
name 'head' is not defined
2020-02-05 12:01:35,617 - kedro.runner.sequential_runner - WARNING - There are 4 nodes that have not run.
You can resume the pipeline run with the following command:
kedro run
2020-02-05 12:01:53,197 - root - INFO - ** Kedro project pipeline_Kedro
2020-02-05 12:01:53,204 - kedro.versioning.journal - WARNING - Unable to git describe C:\Users\takafumi.a.ito\Desktop\Job2020\DEX\Pipeline_Experimence\pipeline_Kedro
2020-02-05 12:01:53,214 - kedro.io.data_catalog - INFO - Loading data from `example_iris_data` (CSVLocalDataSet)...
2020-02-05 12:01:53,225 - kedro.io.data_catalog - INFO - Loading data from `params:example_test_data_ratio` (MemoryDataSet)...
2020-02-05 12:01:53,225 - kedro.pipeline.node - INFO - Running node: split_data([example_iris_data,params:example_test_data_ratio]) -> [example_test_x,example_test_y,example_train_x,example_train_y]
2020-02-05 12:01:53,239 - kedro.io.data_catalog - INFO - Saving data to `example_train_x` (MemoryDataSet)...
2020-02-05 12:01:53,240 - kedro.io.data_catalog - INFO - Saving data to `example_train_y` (MemoryDataSet)...
2020-02-05 12:01:53,240 - kedro.io.data_catalog - INFO - Saving data to `example_test_x` (MemoryDataSet)...
2020-02-05 12:01:53,241 - kedro.io.data_catalog - INFO - Saving data to `example_test_y` (MemoryDataSet)...
2020-02-05 12:01:53,241 - kedro.runner.sequential_runner - INFO - Completed 1 out of 4 tasks
2020-02-05 12:01:53,242 - kedro.io.data_catalog - INFO - Loading data from `example_train_x` (MemoryDataSet)...
2020-02-05 12:01:53,242 - kedro.io.data_catalog - INFO - Loading data from `example_train_y` (MemoryDataSet)...
2020-02-05 12:01:53,243 - kedro.io.data_catalog - INFO - Loading data from `parameters` (MemoryDataSet)...
2020-02-05 12:01:53,243 - kedro.pipeline.node - INFO - Running node: train_model([example_train_x,example_train_y,parameters]) -> [example_model]
2020-02-05 12:01:53,529 - kedro.io.data_catalog - INFO - Saving data to `example_model` (MemoryDataSet)...
2020-02-05 12:01:53,530 - kedro.runner.sequential_runner - INFO - Completed 2 out of 4 tasks
2020-02-05 12:01:53,530 - kedro.io.data_catalog - INFO - Loading data from `example_model` (MemoryDataSet)...
2020-02-05 12:01:53,530 - kedro.io.data_catalog - INFO - Loading data from `example_test_x` (MemoryDataSet)...
2020-02-05 12:01:53,531 - kedro.pipeline.node - INFO - Running node: predict([example_model,example_test_x]) -> [example_predictions]
2020-02-05 12:01:53,534 - kedro.io.data_catalog - INFO - Saving data to `example_predictions` (MemoryDataSet)...
2020-02-05 12:01:53,535 - kedro.runner.sequential_runner - INFO - Completed 3 out of 4 tasks
2020-02-05 12:01:53,535 - kedro.io.data_catalog - INFO - Loading data from `example_predictions` (MemoryDataSet)...
2020-02-05 12:01:53,536 - kedro.io.data_catalog - INFO - Loading data from `example_test_y` (MemoryDataSet)...
2020-02-05 12:01:53,536 - kedro.pipeline.node - INFO - Running node: report_accuracy([example_predictions,example_test_y]) -> None
2020-02-05 12:01:53,536 - dex_pipeline_kedro.pipelines.data_science.nodes - INFO - Model accuracy on test set: 100.00%
2020-02-05 12:01:53,537 - kedro.runner.sequential_runner - INFO - Completed 4 out of 4 tasks
2020-02-05 12:01:53,537 - kedro.runner.sequential_runner - INFO - Pipeline execution completed successfully.
2020-02-05 12:05:51,887 - root - INFO - ** Kedro project pipeline_Kedro
2020-02-05 12:05:51,887 - kedro.versioning.journal - WARNING - Unable to git describe C:\Users\takafumi.a.ito\Desktop\Job2020\DEX\Pipeline_Experimence\pipeline_Kedro
2020-02-05 12:05:51,887 - kedro.io.data_catalog - INFO - Loading data from `example_iris_data` (CSVLocalDataSet)...
2020-02-05 12:05:51,913 - kedro.io.data_catalog - INFO - Loading data from `params:example_test_data_ratio` (MemoryDataSet)...
2020-02-05 12:05:51,913 - kedro.pipeline.node - INFO - Running node: split_data([example_iris_data,params:example_test_data_ratio]) -> [example_test_x,example_test_y,example_train_x,example_train_y]
2020-02-05 12:05:51,919 - kedro.io.data_catalog - INFO - Saving data to `example_train_x` (MemoryDataSet)...
2020-02-05 12:05:51,919 - kedro.io.data_catalog - INFO - Saving data to `example_train_y` (MemoryDataSet)...
2020-02-05 12:05:51,919 - kedro.io.data_catalog - INFO - Saving data to `example_test_x` (MemoryDataSet)...
2020-02-05 12:05:51,919 - kedro.io.data_catalog - INFO - Saving data to `example_test_y` (MemoryDataSet)...
2020-02-05 12:05:51,919 - kedro.runner.sequential_runner - INFO - Completed 1 out of 4 tasks
2020-02-05 12:05:51,919 - kedro.io.data_catalog - INFO - Loading data from `example_train_x` (MemoryDataSet)...
2020-02-05 12:05:51,919 - kedro.io.data_catalog - INFO - Loading data from `example_train_y` (MemoryDataSet)...
2020-02-05 12:05:51,919 - kedro.io.data_catalog - INFO - Loading data from `parameters` (MemoryDataSet)...
2020-02-05 12:05:51,919 - kedro.pipeline.node - INFO - Running node: train_model([example_train_x,example_train_y,parameters]) -> [example_model]
2020-02-05 12:05:52,205 - kedro.io.data_catalog - INFO - Saving data to `example_model` (MemoryDataSet)...
2020-02-05 12:05:52,206 - kedro.runner.sequential_runner - INFO - Completed 2 out of 4 tasks
2020-02-05 12:05:52,206 - kedro.io.data_catalog - INFO - Loading data from `example_model` (MemoryDataSet)...
2020-02-05 12:05:52,207 - kedro.io.data_catalog - INFO - Loading data from `example_test_x` (MemoryDataSet)...
2020-02-05 12:05:52,207 - kedro.pipeline.node - INFO - Running node: predict([example_model,example_test_x]) -> [example_predictions]
2020-02-05 12:05:52,208 - kedro.pipeline.node - ERROR - Node `predict([example_model,example_test_x]) -> [example_predictions]` failed with error: 
'numpy.ndarray' object has no attribute 'head'
2020-02-05 12:05:52,210 - kedro.runner.sequential_runner - WARNING - There are 2 nodes that have not run.
You can resume the pipeline run with the following command:
kedro run --from-inputs example_model,example_test_x,example_test_y
2020-02-05 12:07:01,166 - root - INFO - ** Kedro project pipeline_Kedro
2020-02-05 12:07:01,166 - kedro.versioning.journal - WARNING - Unable to git describe C:\Users\takafumi.a.ito\Desktop\Job2020\DEX\Pipeline_Experimence\pipeline_Kedro
2020-02-05 12:07:01,181 - kedro.io.data_catalog - INFO - Loading data from `example_iris_data` (CSVLocalDataSet)...
2020-02-05 12:07:01,193 - kedro.io.data_catalog - INFO - Loading data from `params:example_test_data_ratio` (MemoryDataSet)...
2020-02-05 12:07:01,194 - kedro.pipeline.node - INFO - Running node: split_data([example_iris_data,params:example_test_data_ratio]) -> [example_test_x,example_test_y,example_train_x,example_train_y]
2020-02-05 12:07:01,199 - kedro.io.data_catalog - INFO - Saving data to `example_train_x` (MemoryDataSet)...
2020-02-05 12:07:01,199 - kedro.io.data_catalog - INFO - Saving data to `example_train_y` (MemoryDataSet)...
2020-02-05 12:07:01,199 - kedro.io.data_catalog - INFO - Saving data to `example_test_x` (MemoryDataSet)...
2020-02-05 12:07:01,200 - kedro.io.data_catalog - INFO - Saving data to `example_test_y` (MemoryDataSet)...
2020-02-05 12:07:01,200 - kedro.runner.sequential_runner - INFO - Completed 1 out of 4 tasks
2020-02-05 12:07:01,200 - kedro.io.data_catalog - INFO - Loading data from `example_train_x` (MemoryDataSet)...
2020-02-05 12:07:01,200 - kedro.io.data_catalog - INFO - Loading data from `example_train_y` (MemoryDataSet)...
2020-02-05 12:07:01,201 - kedro.io.data_catalog - INFO - Loading data from `parameters` (MemoryDataSet)...
2020-02-05 12:07:01,201 - kedro.pipeline.node - INFO - Running node: train_model([example_train_x,example_train_y,parameters]) -> [example_model]
2020-02-05 12:07:01,201 - kedro.pipeline.node - ERROR - Node `train_model([example_train_x,example_train_y,parameters]) -> [example_model]` failed with error: 
'numpy.ndarray' object has no attribute 'head'
2020-02-05 12:07:01,203 - kedro.runner.sequential_runner - WARNING - There are 3 nodes that have not run.
You can resume the pipeline run with the following command:
kedro run --from-inputs example_test_y,parameters,example_train_x,example_train_y,example_test_x
2020-02-05 12:07:18,062 - root - INFO - ** Kedro project pipeline_Kedro
2020-02-05 12:07:18,067 - kedro.versioning.journal - WARNING - Unable to git describe C:\Users\takafumi.a.ito\Desktop\Job2020\DEX\Pipeline_Experimence\pipeline_Kedro
2020-02-05 12:07:18,078 - kedro.io.data_catalog - INFO - Loading data from `example_iris_data` (CSVLocalDataSet)...
2020-02-05 12:07:18,088 - kedro.io.data_catalog - INFO - Loading data from `params:example_test_data_ratio` (MemoryDataSet)...
2020-02-05 12:07:18,088 - kedro.pipeline.node - INFO - Running node: split_data([example_iris_data,params:example_test_data_ratio]) -> [example_test_x,example_test_y,example_train_x,example_train_y]
2020-02-05 12:07:18,094 - kedro.io.data_catalog - INFO - Saving data to `example_train_x` (MemoryDataSet)...
2020-02-05 12:07:18,095 - kedro.io.data_catalog - INFO - Saving data to `example_train_y` (MemoryDataSet)...
2020-02-05 12:07:18,095 - kedro.io.data_catalog - INFO - Saving data to `example_test_x` (MemoryDataSet)...
2020-02-05 12:07:18,095 - kedro.io.data_catalog - INFO - Saving data to `example_test_y` (MemoryDataSet)...
2020-02-05 12:07:18,096 - kedro.runner.sequential_runner - INFO - Completed 1 out of 4 tasks
2020-02-05 12:07:18,096 - kedro.io.data_catalog - INFO - Loading data from `example_train_x` (MemoryDataSet)...
2020-02-05 12:07:18,096 - kedro.io.data_catalog - INFO - Loading data from `example_train_y` (MemoryDataSet)...
2020-02-05 12:07:18,097 - kedro.io.data_catalog - INFO - Loading data from `parameters` (MemoryDataSet)...
2020-02-05 12:07:18,097 - kedro.pipeline.node - INFO - Running node: train_model([example_train_x,example_train_y,parameters]) -> [example_model]
2020-02-05 12:07:18,373 - kedro.io.data_catalog - INFO - Saving data to `example_model` (MemoryDataSet)...
2020-02-05 12:07:18,374 - kedro.runner.sequential_runner - INFO - Completed 2 out of 4 tasks
2020-02-05 12:07:18,374 - kedro.io.data_catalog - INFO - Loading data from `example_model` (MemoryDataSet)...
2020-02-05 12:07:18,375 - kedro.io.data_catalog - INFO - Loading data from `example_test_x` (MemoryDataSet)...
2020-02-05 12:07:18,375 - kedro.pipeline.node - INFO - Running node: predict([example_model,example_test_x]) -> [example_predictions]
2020-02-05 12:07:18,378 - kedro.io.data_catalog - INFO - Saving data to `example_predictions` (MemoryDataSet)...
2020-02-05 12:07:18,379 - kedro.runner.sequential_runner - INFO - Completed 3 out of 4 tasks
2020-02-05 12:07:18,379 - kedro.io.data_catalog - INFO - Loading data from `example_predictions` (MemoryDataSet)...
2020-02-05 12:07:18,379 - kedro.io.data_catalog - INFO - Loading data from `example_test_y` (MemoryDataSet)...
2020-02-05 12:07:18,380 - kedro.pipeline.node - INFO - Running node: report_accuracy([example_predictions,example_test_y]) -> None
2020-02-05 12:07:18,380 - dex_pipeline_kedro.pipelines.data_science.nodes - INFO - Model accuracy on test set: 100.00%
2020-02-05 12:07:18,381 - kedro.runner.sequential_runner - INFO - Completed 4 out of 4 tasks
2020-02-05 12:07:18,381 - kedro.runner.sequential_runner - INFO - Pipeline execution completed successfully.
2020-02-05 12:08:13,223 - root - INFO - ** Kedro project pipeline_Kedro
2020-02-05 12:08:13,223 - kedro.versioning.journal - WARNING - Unable to git describe C:\Users\takafumi.a.ito\Desktop\Job2020\DEX\Pipeline_Experimence\pipeline_Kedro
2020-02-05 12:08:13,239 - kedro.io.data_catalog - INFO - Loading data from `example_iris_data` (CSVLocalDataSet)...
2020-02-05 12:08:13,239 - kedro.io.data_catalog - INFO - Loading data from `params:example_test_data_ratio` (MemoryDataSet)...
2020-02-05 12:08:13,239 - kedro.pipeline.node - INFO - Running node: split_data([example_iris_data,params:example_test_data_ratio]) -> [example_test_x,example_test_y,example_train_x,example_train_y]
2020-02-05 12:08:13,255 - kedro.io.data_catalog - INFO - Saving data to `example_train_x` (MemoryDataSet)...
2020-02-05 12:08:13,255 - kedro.io.data_catalog - INFO - Saving data to `example_train_y` (MemoryDataSet)...
2020-02-05 12:08:13,255 - kedro.io.data_catalog - INFO - Saving data to `example_test_x` (MemoryDataSet)...
2020-02-05 12:08:13,255 - kedro.io.data_catalog - INFO - Saving data to `example_test_y` (MemoryDataSet)...
2020-02-05 12:08:13,255 - kedro.runner.sequential_runner - INFO - Completed 1 out of 4 tasks
2020-02-05 12:08:13,255 - kedro.io.data_catalog - INFO - Loading data from `example_train_x` (MemoryDataSet)...
2020-02-05 12:08:13,255 - kedro.io.data_catalog - INFO - Loading data from `example_train_y` (MemoryDataSet)...
2020-02-05 12:08:13,255 - kedro.io.data_catalog - INFO - Loading data from `parameters` (MemoryDataSet)...
2020-02-05 12:08:13,255 - kedro.pipeline.node - INFO - Running node: train_model([example_train_x,example_train_y,parameters]) -> [example_model]
2020-02-05 12:08:13,509 - kedro.io.data_catalog - INFO - Saving data to `example_model` (MemoryDataSet)...
2020-02-05 12:08:13,509 - kedro.runner.sequential_runner - INFO - Completed 2 out of 4 tasks
2020-02-05 12:08:13,509 - kedro.io.data_catalog - INFO - Loading data from `example_model` (MemoryDataSet)...
2020-02-05 12:08:13,509 - kedro.io.data_catalog - INFO - Loading data from `example_test_x` (MemoryDataSet)...
2020-02-05 12:08:13,509 - kedro.pipeline.node - INFO - Running node: predict([example_model,example_test_x]) -> [example_predictions]
2020-02-05 12:08:13,524 - kedro.io.data_catalog - INFO - Saving data to `example_predictions` (MemoryDataSet)...
2020-02-05 12:08:13,524 - kedro.runner.sequential_runner - INFO - Completed 3 out of 4 tasks
2020-02-05 12:08:13,524 - kedro.io.data_catalog - INFO - Loading data from `example_predictions` (MemoryDataSet)...
2020-02-05 12:08:13,524 - kedro.io.data_catalog - INFO - Loading data from `example_test_y` (MemoryDataSet)...
2020-02-05 12:08:13,524 - kedro.pipeline.node - INFO - Running node: report_accuracy([example_predictions,example_test_y]) -> None
2020-02-05 12:08:13,524 - dex_pipeline_kedro.pipelines.data_science.nodes - INFO - Model accuracy on test set: 96.67%
2020-02-05 12:08:13,524 - kedro.runner.sequential_runner - INFO - Completed 4 out of 4 tasks
2020-02-05 12:08:13,524 - kedro.runner.sequential_runner - INFO - Pipeline execution completed successfully.
2020-02-05 12:23:01,455 - root - INFO - ** Kedro project Kedro_pipeline_tutorial
2020-02-05 12:23:01,456 - root - INFO - Defined global variable `context` and `catalog`
2020-02-05 12:23:25,561 - kedro.io.data_catalog - INFO - Loading data from `companies` (CSVLocalDataSet)...
2020-02-05 12:38:06,994 - root - ERROR - Kedro's ipython session startup script failed:
An exception occurred when parsing config for DataSet `shuttles`:
Cannot import module when trying to load type `kedro_tutorial.io.xls_loval.ExcelLocalDataSet`.
Traceback (most recent call last):
  File "c:\users\takafumi.a.ito\appdata\local\continuum\anaconda3\lib\site-packages\kedro\io\core.py", line 395, in parse_dataset_definition
    class_obj = load_obj(class_obj, "kedro.io")
  File "c:\users\takafumi.a.ito\appdata\local\continuum\anaconda3\lib\site-packages\kedro\utils.py", line 53, in load_obj
    module_obj = importlib.import_module(obj_path)
  File "c:\users\takafumi.a.ito\appdata\local\continuum\anaconda3\lib\importlib\__init__.py", line 127, in import_module
    return _bootstrap._gcd_import(name[level:], package, level)
  File "<frozen importlib._bootstrap>", line 1006, in _gcd_import
  File "<frozen importlib._bootstrap>", line 983, in _find_and_load
  File "<frozen importlib._bootstrap>", line 965, in _find_and_load_unlocked
ModuleNotFoundError: No module named 'kedro_tutorial.io.xls_loval'

During handling of the above exception, another exception occurred:

Traceback (most recent call last):
  File "c:\users\takafumi.a.ito\appdata\local\continuum\anaconda3\lib\site-packages\kedro\io\core.py", line 143, in from_config
    config, load_version, save_version
  File "c:\users\takafumi.a.ito\appdata\local\continuum\anaconda3\lib\site-packages\kedro\io\core.py", line 398, in parse_dataset_definition
    "Cannot import module when trying to load type `{}`.".format(class_obj)
kedro.io.core.DataSetError: Cannot import module when trying to load type `kedro_tutorial.io.xls_loval.ExcelLocalDataSet`.

During handling of the above exception, another exception occurred:

Traceback (most recent call last):
  File "C:\Users\takafumi.a.ito\Desktop\Job2020\DEX\Pipeline_Experimence\pipeline_Kedro\.ipython\profile_default\startup\00-kedro-init.py", line 36, in reload_kedro
    catalog = context.catalog
  File "c:\users\takafumi.a.ito\appdata\local\continuum\anaconda3\lib\site-packages\kedro\context\context.py", line 208, in catalog
    return self._get_catalog()
  File "c:\users\takafumi.a.ito\appdata\local\continuum\anaconda3\lib\site-packages\kedro\context\context.py", line 245, in _get_catalog
    conf_catalog, conf_creds, save_version, journal, load_versions
  File "c:\users\takafumi.a.ito\appdata\local\continuum\anaconda3\lib\site-packages\kedro\context\context.py", line 269, in _create_catalog
    load_versions=load_versions,
  File "c:\users\takafumi.a.ito\appdata\local\continuum\anaconda3\lib\site-packages\kedro\io\data_catalog.py", line 272, in from_config
    ds_name, ds_config, load_versions.get(ds_name), save_version
  File "c:\users\takafumi.a.ito\appdata\local\continuum\anaconda3\lib\site-packages\kedro\io\core.py", line 148, in from_config
    "for DataSet `{}`:\n{}".format(name, str(ex))
kedro.io.core.DataSetError: An exception occurred when parsing config for DataSet `shuttles`:
Cannot import module when trying to load type `kedro_tutorial.io.xls_loval.ExcelLocalDataSet`.
2020-02-05 12:39:04,292 - root - ERROR - Kedro's ipython session startup script failed:
An exception occurred when parsing config for DataSet `shuttles`:
Cannot import module when trying to load type `kedro_tutorial.io.xls_loval.ExcelLocalDataSet`.
Traceback (most recent call last):
  File "c:\users\takafumi.a.ito\appdata\local\continuum\anaconda3\lib\site-packages\kedro\io\core.py", line 395, in parse_dataset_definition
    class_obj = load_obj(class_obj, "kedro.io")
  File "c:\users\takafumi.a.ito\appdata\local\continuum\anaconda3\lib\site-packages\kedro\utils.py", line 53, in load_obj
    module_obj = importlib.import_module(obj_path)
  File "c:\users\takafumi.a.ito\appdata\local\continuum\anaconda3\lib\importlib\__init__.py", line 127, in import_module
    return _bootstrap._gcd_import(name[level:], package, level)
  File "<frozen importlib._bootstrap>", line 1006, in _gcd_import
  File "<frozen importlib._bootstrap>", line 983, in _find_and_load
  File "<frozen importlib._bootstrap>", line 965, in _find_and_load_unlocked
ModuleNotFoundError: No module named 'kedro_tutorial.io.xls_loval'

During handling of the above exception, another exception occurred:

Traceback (most recent call last):
  File "c:\users\takafumi.a.ito\appdata\local\continuum\anaconda3\lib\site-packages\kedro\io\core.py", line 143, in from_config
    config, load_version, save_version
  File "c:\users\takafumi.a.ito\appdata\local\continuum\anaconda3\lib\site-packages\kedro\io\core.py", line 398, in parse_dataset_definition
    "Cannot import module when trying to load type `{}`.".format(class_obj)
kedro.io.core.DataSetError: Cannot import module when trying to load type `kedro_tutorial.io.xls_loval.ExcelLocalDataSet`.

During handling of the above exception, another exception occurred:

Traceback (most recent call last):
  File "C:\Users\takafumi.a.ito\Desktop\Job2020\DEX\Pipeline_Experimence\pipeline_Kedro\.ipython\profile_default\startup\00-kedro-init.py", line 36, in reload_kedro
    catalog = context.catalog
  File "c:\users\takafumi.a.ito\appdata\local\continuum\anaconda3\lib\site-packages\kedro\context\context.py", line 208, in catalog
    return self._get_catalog()
  File "c:\users\takafumi.a.ito\appdata\local\continuum\anaconda3\lib\site-packages\kedro\context\context.py", line 245, in _get_catalog
    conf_catalog, conf_creds, save_version, journal, load_versions
  File "c:\users\takafumi.a.ito\appdata\local\continuum\anaconda3\lib\site-packages\kedro\context\context.py", line 269, in _create_catalog
    load_versions=load_versions,
  File "c:\users\takafumi.a.ito\appdata\local\continuum\anaconda3\lib\site-packages\kedro\io\data_catalog.py", line 272, in from_config
    ds_name, ds_config, load_versions.get(ds_name), save_version
  File "c:\users\takafumi.a.ito\appdata\local\continuum\anaconda3\lib\site-packages\kedro\io\core.py", line 148, in from_config
    "for DataSet `{}`:\n{}".format(name, str(ex))
kedro.io.core.DataSetError: An exception occurred when parsing config for DataSet `shuttles`:
Cannot import module when trying to load type `kedro_tutorial.io.xls_loval.ExcelLocalDataSet`.
2020-02-05 12:41:47,335 - kedro.io.data_catalog - INFO - Loading data from `companies` (CSVLocalDataSet)...
2020-02-05 12:41:53,922 - kedro.io.data_catalog - INFO - Loading data from `shuttles` (ExcelLocalDataSet)...
2020-02-05 12:58:45,618 - root - INFO - ** Kedro project pipeline_Kedro
2020-02-05 13:00:30,011 - root - INFO - ** Kedro project pipeline_Kedro
2020-02-05 14:09:23,091 - root - INFO - ** Kedro project pipeline_Kedro
2020-02-05 14:11:09,153 - root - INFO - ** Kedro project pipeline_Kedro
2020-02-05 14:15:36,974 - root - INFO - ** Kedro project pipeline_Kedro
2020-02-05 14:15:36,977 - kedro.versioning.journal - WARNING - Unable to git describe C:\Users\takafumi.a.ito\Desktop\Job2020\DEX\Pipeline_Experimence\pipeline_Kedro
2020-02-05 14:15:36,997 - kedro.io.data_catalog - INFO - Loading data from `companies` (CSVLocalDataSet)...
2020-02-05 14:15:37,067 - kedro.pipeline.node - INFO - Running node: preprocessing_companies: preprocess_companies([companies]) -> [preprocessed_companies]
2020-02-05 14:15:37,116 - kedro.io.data_catalog - INFO - Saving data to `preprocessed_companies` (MemoryDataSet)...
2020-02-05 14:15:37,117 - kedro.runner.sequential_runner - WARNING - There are 1 nodes that have not run.
You can resume the pipeline run with the following command:
kedro run
2020-02-05 14:18:49,450 - root - INFO - ** Kedro project pipeline_Kedro
2020-02-05 14:18:49,453 - kedro.versioning.journal - WARNING - Unable to git describe C:\Users\takafumi.a.ito\Desktop\Job2020\DEX\Pipeline_Experimence\pipeline_Kedro
2020-02-05 14:18:49,473 - kedro.io.data_catalog - INFO - Loading data from `companies` (CSVLocalDataSet)...
2020-02-05 14:18:49,517 - kedro.pipeline.node - INFO - Running node: preprocessing_companies: preprocess_companies([companies]) -> [preprocessed_companies]
2020-02-05 14:18:49,566 - kedro.io.data_catalog - INFO - Saving data to `preprocessed_companies` (MemoryDataSet)...
2020-02-05 14:18:49,566 - kedro.runner.sequential_runner - WARNING - There are 1 nodes that have not run.
You can resume the pipeline run with the following command:
kedro run
2020-02-05 14:35:00,819 - root - INFO - ** Kedro project pipeline_Kedro
2020-02-05 14:35:00,823 - kedro.versioning.journal - WARNING - Unable to git describe C:\Users\takafumi.a.ito\Desktop\Job2020\DEX\Pipeline_Experimence\pipeline_Kedro
2020-02-05 14:35:00,837 - kedro.io.data_catalog - INFO - Loading data from `companies` (CSVLocalDataSet)...
2020-02-05 14:35:00,895 - kedro.pipeline.node - INFO - Running node: preprocessing_companies: preprocess_companies([companies]) -> [preprocessed_companies]
2020-02-05 14:35:00,942 - kedro.io.data_catalog - INFO - Saving data to `preprocessed_companies` (MemoryDataSet)...
2020-02-05 14:35:00,942 - kedro.runner.sequential_runner - WARNING - There are 1 nodes that have not run.
You can resume the pipeline run with the following command:
kedro run
2020-02-05 14:39:32,073 - root - INFO - ** Kedro project Kedro_pipeline_tutorial
2020-02-05 14:39:32,074 - root - INFO - Defined global variable `context` and `catalog`
2020-02-05 14:39:53,759 - kedro.io.data_catalog - INFO - Loading data from `shuttles` (ExcelLocalDataSet)...
2020-02-05 14:42:47,571 - root - INFO - ** Kedro project pipeline_Kedro
2020-02-05 14:42:47,574 - kedro.versioning.journal - WARNING - Unable to git describe C:\Users\takafumi.a.ito\Desktop\Job2020\DEX\Pipeline_Experimence\pipeline_Kedro
2020-02-05 14:43:24,234 - root - INFO - ** Kedro project pipeline_Kedro
2020-02-05 14:43:24,238 - kedro.versioning.journal - WARNING - Unable to git describe C:\Users\takafumi.a.ito\Desktop\Job2020\DEX\Pipeline_Experimence\pipeline_Kedro
2020-02-05 14:43:24,250 - kedro.io.data_catalog - INFO - Loading data from `companies` (CSVLocalDataSet)...
2020-02-05 14:43:24,295 - kedro.pipeline.node - INFO - Running node: preprocessing_companies: preprocess_companies([companies]) -> [preprocessed_companies]
2020-02-05 14:43:24,342 - kedro.io.data_catalog - INFO - Saving data to `preprocessed_companies` (MemoryDataSet)...
2020-02-05 14:43:24,342 - kedro.runner.sequential_runner - WARNING - There are 1 nodes that have not run.
You can resume the pipeline run with the following command:
kedro run
2020-02-05 14:49:57,124 - root - INFO - ** Kedro project pipeline_Kedro
2020-02-05 14:49:57,128 - kedro.versioning.journal - WARNING - Unable to git describe C:\Users\takafumi.a.ito\Desktop\Job2020\DEX\Pipeline_Experimence\pipeline_Kedro
2020-02-05 14:49:57,139 - kedro.io.data_catalog - INFO - Loading data from `companies` (CSVLocalDataSet)...
2020-02-05 14:49:57,185 - kedro.pipeline.node - INFO - Running node: preprocessing_companies: preprocess_companies([companies]) -> [preprocessed_companies]
2020-02-05 14:49:57,231 - kedro.io.data_catalog - INFO - Saving data to `preprocessed_companies` (MemoryDataSet)...
2020-02-05 14:49:57,232 - kedro.runner.sequential_runner - WARNING - There are 1 nodes that have not run.
You can resume the pipeline run with the following command:
kedro run
2020-02-05 14:54:16,314 - root - INFO - ** Kedro project pipeline_Kedro
2020-02-05 14:54:16,317 - kedro.versioning.journal - WARNING - Unable to git describe C:\Users\takafumi.a.ito\Desktop\Job2020\DEX\Pipeline_Experimence\pipeline_Kedro
2020-02-05 14:54:16,327 - kedro.io.data_catalog - INFO - Loading data from `companies` (CSVLocalDataSet)...
2020-02-05 14:54:16,370 - kedro.pipeline.node - INFO - Running node: preprocessing_companies: preprocess_companies([companies]) -> [preprocessed_companies]
2020-02-05 14:54:16,420 - kedro.io.data_catalog - INFO - Saving data to `preprocessed_companies` (MemoryDataSet)...
2020-02-05 14:54:16,421 - kedro.runner.sequential_runner - WARNING - There are 1 nodes that have not run.
You can resume the pipeline run with the following command:
kedro run
2020-02-05 14:55:45,084 - root - INFO - ** Kedro project pipeline_Kedro
2020-02-05 14:55:45,087 - kedro.versioning.journal - WARNING - Unable to git describe C:\Users\takafumi.a.ito\Desktop\Job2020\DEX\Pipeline_Experimence\pipeline_Kedro
2020-02-05 14:55:45,098 - kedro.io.data_catalog - INFO - Loading data from `companies` (CSVLocalDataSet)...
2020-02-05 14:55:45,144 - kedro.pipeline.node - INFO - Running node: preprocessing_companies: preprocess_companies([companies]) -> [preprocessed_companies]
2020-02-05 14:55:45,204 - kedro.io.data_catalog - INFO - Saving data to `preprocessed_companies` (MemoryDataSet)...
2020-02-05 14:55:45,205 - kedro.runner.sequential_runner - WARNING - There are 1 nodes that have not run.
You can resume the pipeline run with the following command:
kedro run
2020-02-05 14:57:53,694 - root - INFO - ** Kedro project pipeline_Kedro
2020-02-05 14:57:53,697 - kedro.versioning.journal - WARNING - Unable to git describe C:\Users\takafumi.a.ito\Desktop\Job2020\DEX\Pipeline_Experimence\pipeline_Kedro
2020-02-05 14:57:53,709 - kedro.io.data_catalog - INFO - Loading data from `companies` (CSVLocalDataSet)...
2020-02-05 14:57:53,756 - kedro.pipeline.node - INFO - Running node: preprocessing_companies: preprocess_companies([companies]) -> [preprocessed_companies]
2020-02-05 14:57:53,811 - kedro.io.data_catalog - INFO - Saving data to `preprocessed_companies` (MemoryDataSet)...
2020-02-05 14:57:53,811 - kedro.runner.sequential_runner - WARNING - There are 2 nodes that have not run.
You can resume the pipeline run with the following command:
kedro run
2020-02-05 14:58:47,891 - root - INFO - ** Kedro project pipeline_Kedro
2020-02-05 14:58:47,894 - kedro.versioning.journal - WARNING - Unable to git describe C:\Users\takafumi.a.ito\Desktop\Job2020\DEX\Pipeline_Experimence\pipeline_Kedro
2020-02-05 14:58:47,906 - kedro.io.data_catalog - INFO - Loading data from `companies` (CSVLocalDataSet)...
2020-02-05 14:58:47,951 - kedro.pipeline.node - INFO - Running node: preprocessing_companies: preprocess_companies([companies]) -> [preprocessed_companies]
2020-02-05 14:58:47,998 - kedro.io.data_catalog - INFO - Saving data to `preprocessed_companies` (MemoryDataSet)...
2020-02-05 14:58:48,001 - kedro.runner.sequential_runner - INFO - Completed 1 out of 1 tasks
2020-02-05 14:58:48,001 - kedro.runner.sequential_runner - INFO - Pipeline execution completed successfully.
2020-02-05 14:58:48,002 - kedro.io.data_catalog - INFO - Loading data from `preprocessed_companies` (MemoryDataSet)...
2020-02-05 14:58:54,280 - root - INFO - ** Kedro project pipeline_Kedro
2020-02-05 14:58:54,283 - kedro.versioning.journal - WARNING - Unable to git describe C:\Users\takafumi.a.ito\Desktop\Job2020\DEX\Pipeline_Experimence\pipeline_Kedro
2020-02-05 14:58:54,296 - kedro.io.data_catalog - INFO - Loading data from `shuttles` (ExcelLocalDataSet)...
2020-02-05 14:59:02,183 - kedro.pipeline.node - INFO - Running node: preprocessing_shuttles: preprocess_shuttles([shuttles]) -> [preprocessed_shuttles]
2020-02-05 14:59:02,251 - kedro.io.data_catalog - INFO - Saving data to `preprocessed_shuttles` (MemoryDataSet)...
2020-02-05 14:59:02,258 - kedro.runner.sequential_runner - INFO - Completed 1 out of 2 tasks
2020-02-05 14:59:02,258 - kedro.io.data_catalog - INFO - Loading data from `companies` (CSVLocalDataSet)...
2020-02-05 14:59:02,295 - kedro.pipeline.node - INFO - Running node: preprocessing_companies: preprocess_companies([companies]) -> [preprocessed_companies]
2020-02-05 14:59:02,344 - kedro.io.data_catalog - INFO - Saving data to `preprocessed_companies` (MemoryDataSet)...
2020-02-05 14:59:02,347 - kedro.runner.sequential_runner - INFO - Completed 2 out of 2 tasks
2020-02-05 14:59:02,347 - kedro.runner.sequential_runner - INFO - Pipeline execution completed successfully.
2020-02-05 14:59:02,348 - kedro.io.data_catalog - INFO - Loading data from `preprocessed_shuttles` (MemoryDataSet)...
2020-02-05 14:59:02,351 - kedro.io.data_catalog - INFO - Loading data from `preprocessed_companies` (MemoryDataSet)...
2020-02-05 15:01:43,242 - root - INFO - ** Kedro project pipeline_Kedro
2020-02-05 15:01:43,246 - kedro.versioning.journal - WARNING - Unable to git describe C:\Users\takafumi.a.ito\Desktop\Job2020\DEX\Pipeline_Experimence\pipeline_Kedro
2020-02-05 15:01:43,262 - kedro.io.data_catalog - INFO - Loading data from `shuttles` (ExcelLocalDataSet)...
2020-02-05 15:01:51,253 - kedro.pipeline.node - INFO - Running node: preprocessing_shuttles: preprocess_shuttles([shuttles]) -> [preprocessed_shuttles]
2020-02-05 15:01:51,324 - kedro.io.data_catalog - INFO - Saving data to `preprocessed_shuttles` (CSVLocalDataSet)...
2020-02-05 15:01:51,935 - kedro.runner.sequential_runner - INFO - Completed 1 out of 2 tasks
2020-02-05 15:01:51,936 - kedro.io.data_catalog - INFO - Loading data from `companies` (CSVLocalDataSet)...
2020-02-05 15:01:51,982 - kedro.pipeline.node - INFO - Running node: preprocessing_companies: preprocess_companies([companies]) -> [preprocessed_companies]
2020-02-05 15:01:52,032 - kedro.io.data_catalog - INFO - Saving data to `preprocessed_companies` (CSVLocalDataSet)...
2020-02-05 15:01:52,347 - kedro.runner.sequential_runner - INFO - Completed 2 out of 2 tasks
2020-02-05 15:01:52,348 - kedro.runner.sequential_runner - INFO - Pipeline execution completed successfully.
2020-02-05 15:51:44,538 - root - INFO - ** Kedro project pipeline_Kedro
2020-02-05 15:51:44,541 - kedro.versioning.journal - WARNING - Unable to git describe C:\Users\takafumi.a.ito\Desktop\Job2020\DEX\Pipeline_Experimence\pipeline_Kedro
2020-02-05 15:52:30,036 - root - INFO - ** Kedro project pipeline_Kedro
2020-02-05 15:52:30,039 - kedro.versioning.journal - WARNING - Unable to git describe C:\Users\takafumi.a.ito\Desktop\Job2020\DEX\Pipeline_Experimence\pipeline_Kedro
2020-02-05 15:52:30,052 - kedro.io.data_catalog - INFO - Loading data from `companies` (CSVLocalDataSet)...
2020-02-05 15:52:30,097 - kedro.pipeline.node - INFO - Running node: preprocessing_companies: preprocess_companies([companies]) -> [preprocessed_companies]
2020-02-05 15:52:30,143 - kedro.io.data_catalog - INFO - Saving data to `preprocessed_companies` (CSVLocalDataSet)...
2020-02-05 15:52:30,420 - kedro.runner.sequential_runner - INFO - Completed 1 out of 3 tasks
2020-02-05 15:52:30,421 - kedro.io.data_catalog - INFO - Loading data from `shuttles` (ExcelLocalDataSet)...
2020-02-05 15:52:38,118 - kedro.pipeline.node - INFO - Running node: preprocessing_shuttles: preprocess_shuttles([shuttles]) -> [preprocessed_shuttles]
2020-02-05 15:52:38,186 - kedro.io.data_catalog - INFO - Saving data to `preprocessed_shuttles` (CSVLocalDataSet)...
2020-02-05 15:52:38,748 - kedro.runner.sequential_runner - INFO - Completed 2 out of 3 tasks
2020-02-05 15:52:38,748 - kedro.io.data_catalog - INFO - Loading data from `preprocessed_shuttles` (CSVLocalDataSet)...
2020-02-05 15:52:38,857 - kedro.io.data_catalog - INFO - Loading data from `preprocessed_companies` (CSVLocalDataSet)...
2020-02-05 15:52:38,894 - kedro.io.data_catalog - INFO - Loading data from `reviews` (CSVLocalDataSet)...
2020-02-05 15:52:38,972 - kedro.pipeline.node - INFO - Running node: master_table: create_master_table([preprocessed_companies,preprocessed_shuttles,reviews]) -> [master_table]
2020-02-05 15:52:40,955 - kedro.io.data_catalog - INFO - Saving data to `master_table` (CSVLocalDataSet)...
2020-02-05 15:52:53,067 - kedro.runner.sequential_runner - INFO - Completed 3 out of 3 tasks
2020-02-05 15:52:53,067 - kedro.runner.sequential_runner - INFO - Pipeline execution completed successfully.
2020-02-05 16:33:31,981 - root - INFO - ** Kedro project pipeline_Kedro
2020-02-05 16:33:31,985 - kedro.versioning.journal - WARNING - Unable to git describe C:\Users\takafumi.a.ito\Desktop\Job2020\DEX\Pipeline_Experimence\pipeline_Kedro
2020-02-05 16:33:31,987 - kedro.io.data_catalog - INFO - Loading data from `companies` (CSVLocalDataSet)...
2020-02-05 16:33:32,203 - kedro.pipeline.node - INFO - Running node: preprocessing_companies: preprocess_companies([companies]) -> [preprocessed_companies]
2020-02-05 16:33:32,250 - kedro.io.data_catalog - INFO - Saving data to `preprocessed_companies` (CSVLocalDataSet)...
2020-02-05 16:33:32,520 - kedro.runner.sequential_runner - INFO - Completed 1 out of 3 tasks
2020-02-05 16:33:32,520 - kedro.io.data_catalog - INFO - Loading data from `shuttles` (ExcelLocalDataSet)...
2020-02-05 16:33:40,389 - kedro.pipeline.node - INFO - Running node: preprocessing_shuttles: preprocess_shuttles([shuttles]) -> [preprocessed_shuttles]
2020-02-05 16:33:40,466 - kedro.io.data_catalog - INFO - Saving data to `preprocessed_shuttles` (CSVLocalDataSet)...
2020-02-05 16:33:41,030 - kedro.runner.sequential_runner - INFO - Completed 2 out of 3 tasks
2020-02-05 16:33:41,030 - kedro.io.data_catalog - INFO - Loading data from `preprocessed_shuttles` (CSVLocalDataSet)...
2020-02-05 16:33:41,137 - kedro.io.data_catalog - INFO - Loading data from `preprocessed_companies` (CSVLocalDataSet)...
2020-02-05 16:33:41,175 - kedro.io.data_catalog - INFO - Loading data from `reviews` (CSVLocalDataSet)...
2020-02-05 16:33:41,475 - kedro.pipeline.node - INFO - Running node: master_table: create_master_table([preprocessed_companies,preprocessed_shuttles,reviews]) -> [master_table]
2020-02-05 16:33:43,455 - kedro.io.data_catalog - INFO - Saving data to `master_table` (CSVLocalDataSet)...
2020-02-05 16:33:55,389 - kedro.runner.sequential_runner - INFO - Completed 3 out of 3 tasks
2020-02-05 16:33:55,389 - kedro.runner.sequential_runner - INFO - Pipeline execution completed successfully.
2020-02-05 16:36:42,005 - root - INFO - ** Kedro project pipeline_Kedro
2020-02-05 16:36:42,005 - kedro.versioning.journal - WARNING - Unable to git describe C:\Users\takafumi.a.ito\Desktop\Job2020\DEX\Pipeline_Experimence\pipeline_Kedro
2020-02-05 16:36:42,020 - kedro.io.data_catalog - INFO - Loading data from `shuttles` (ExcelLocalDataSet)...
2020-02-05 16:36:49,760 - kedro.pipeline.node - INFO - Running node: preprocessing_shuttles: preprocess_shuttles([shuttles]) -> [preprocessed_shuttles]
2020-02-05 16:36:49,824 - kedro.io.data_catalog - INFO - Saving data to `preprocessed_shuttles` (CSVLocalDataSet)...
2020-02-05 16:36:50,395 - kedro.runner.sequential_runner - INFO - Completed 1 out of 3 tasks
2020-02-05 16:36:50,395 - kedro.io.data_catalog - INFO - Loading data from `companies` (CSVLocalDataSet)...
2020-02-05 16:36:50,430 - kedro.pipeline.node - INFO - Running node: preprocessing_companies: preprocess_companies([companies]) -> [preprocessed_companies]
2020-02-05 16:36:50,477 - kedro.io.data_catalog - INFO - Saving data to `preprocessed_companies` (CSVLocalDataSet)...
2020-02-05 16:36:50,762 - kedro.runner.sequential_runner - INFO - Completed 2 out of 3 tasks
2020-02-05 16:36:50,762 - kedro.io.data_catalog - INFO - Loading data from `preprocessed_shuttles` (CSVLocalDataSet)...
2020-02-05 16:36:50,862 - kedro.io.data_catalog - INFO - Loading data from `preprocessed_companies` (CSVLocalDataSet)...
2020-02-05 16:36:50,900 - kedro.io.data_catalog - INFO - Loading data from `reviews` (CSVLocalDataSet)...
2020-02-05 16:36:50,962 - kedro.pipeline.node - INFO - Running node: master_table: create_master_table([preprocessed_companies,preprocessed_shuttles,reviews]) -> [master_table]
2020-02-05 16:36:52,879 - kedro.io.data_catalog - INFO - Saving data to `master_table` (CSVLocalDataSet)...
2020-02-05 16:37:04,722 - kedro.runner.sequential_runner - INFO - Completed 3 out of 3 tasks
2020-02-05 16:37:04,722 - kedro.runner.sequential_runner - INFO - Pipeline execution completed successfully.
2020-02-05 16:38:00,132 - root - INFO - ** Kedro project pipeline_Kedro
2020-02-05 16:38:00,147 - kedro.versioning.journal - WARNING - Unable to git describe C:\Users\takafumi.a.ito\Desktop\Job2020\DEX\Pipeline_Experimence\pipeline_Kedro
2020-02-05 16:38:00,147 - kedro.io.data_catalog - INFO - Loading data from `shuttles` (ExcelLocalDataSet)...
2020-02-05 16:38:07,903 - kedro.pipeline.node - INFO - Running node: preprocessing_shuttles: preprocess_shuttles([shuttles]) -> [preprocessed_shuttles]
2020-02-05 16:38:07,968 - kedro.io.data_catalog - INFO - Saving data to `preprocessed_shuttles` (CSVLocalDataSet)...
2020-02-05 16:38:08,552 - kedro.runner.sequential_runner - INFO - Completed 1 out of 6 tasks
2020-02-05 16:38:08,552 - kedro.io.data_catalog - INFO - Loading data from `companies` (CSVLocalDataSet)...
2020-02-05 16:38:08,582 - kedro.pipeline.node - INFO - Running node: preprocessing_companies: preprocess_companies([companies]) -> [preprocessed_companies]
2020-02-05 16:38:08,629 - kedro.io.data_catalog - INFO - Saving data to `preprocessed_companies` (CSVLocalDataSet)...
2020-02-05 16:38:08,914 - kedro.runner.sequential_runner - INFO - Completed 2 out of 6 tasks
2020-02-05 16:38:08,914 - kedro.io.data_catalog - INFO - Loading data from `preprocessed_shuttles` (CSVLocalDataSet)...
2020-02-05 16:38:09,046 - kedro.io.data_catalog - INFO - Loading data from `preprocessed_companies` (CSVLocalDataSet)...
2020-02-05 16:38:09,083 - kedro.io.data_catalog - INFO - Loading data from `reviews` (CSVLocalDataSet)...
2020-02-05 16:38:09,145 - kedro.pipeline.node - INFO - Running node: master_table: create_master_table([preprocessed_companies,preprocessed_shuttles,reviews]) -> [master_table]
2020-02-05 16:38:11,090 - kedro.io.data_catalog - INFO - Saving data to `master_table` (CSVLocalDataSet)...
2020-02-05 16:38:22,904 - kedro.runner.sequential_runner - INFO - Completed 3 out of 6 tasks
2020-02-05 16:38:22,905 - kedro.io.data_catalog - INFO - Loading data from `master_table` (CSVLocalDataSet)...
2020-02-05 16:38:24,735 - kedro.io.data_catalog - INFO - Loading data from `parameters` (MemoryDataSet)...
2020-02-05 16:38:24,735 - kedro.pipeline.node - INFO - Running node: split_data([master_table,parameters]) -> [X_test,X_train,y_test,y_train]
2020-02-05 16:38:25,035 - kedro.io.data_catalog - INFO - Saving data to `X_train` (MemoryDataSet)...
2020-02-05 16:38:25,067 - kedro.io.data_catalog - INFO - Saving data to `X_test` (MemoryDataSet)...
2020-02-05 16:38:25,082 - kedro.io.data_catalog - INFO - Saving data to `y_train` (MemoryDataSet)...
2020-02-05 16:38:25,082 - kedro.io.data_catalog - INFO - Saving data to `y_test` (MemoryDataSet)...
2020-02-05 16:38:25,133 - kedro.runner.sequential_runner - INFO - Completed 4 out of 6 tasks
2020-02-05 16:38:25,133 - kedro.io.data_catalog - INFO - Loading data from `X_train` (MemoryDataSet)...
2020-02-05 16:38:25,167 - kedro.io.data_catalog - INFO - Loading data from `y_train` (MemoryDataSet)...
2020-02-05 16:38:25,167 - kedro.pipeline.node - INFO - Running node: train_model([X_train,y_train]) -> [regressor]
2020-02-05 16:38:25,615 - kedro.io.data_catalog - INFO - Saving data to `regressor` (PickleLocalDataSet)...
2020-02-05 16:38:25,715 - kedro.runner.sequential_runner - INFO - Completed 5 out of 6 tasks
2020-02-05 16:38:25,715 - kedro.io.data_catalog - INFO - Loading data from `regressor` (PickleLocalDataSet)...
2020-02-05 16:38:25,715 - kedro.io.data_catalog - INFO - Loading data from `X_test` (MemoryDataSet)...
2020-02-05 16:38:25,737 - kedro.io.data_catalog - INFO - Loading data from `y_test` (MemoryDataSet)...
2020-02-05 16:38:25,737 - kedro.pipeline.node - INFO - Running node: evaluate_model([X_test,regressor,y_test]) -> None
2020-02-05 16:38:25,800 - dex_pipeline_kedro.pipelines.data_science.nodes - INFO - model has a coefficient R^w of 0.456
2020-02-05 16:38:25,815 - kedro.runner.sequential_runner - INFO - Completed 6 out of 6 tasks
2020-02-05 16:38:25,815 - kedro.runner.sequential_runner - INFO - Pipeline execution completed successfully.
2020-02-05 16:38:48,465 - root - INFO - ** Kedro project pipeline_Kedro
2020-02-05 16:38:48,481 - kedro.versioning.journal - WARNING - Unable to git describe C:\Users\takafumi.a.ito\Desktop\Job2020\DEX\Pipeline_Experimence\pipeline_Kedro
2020-02-05 16:38:48,481 - kedro.io.data_catalog - INFO - Loading data from `companies` (CSVLocalDataSet)...
2020-02-05 16:38:48,534 - kedro.pipeline.node - INFO - Running node: preprocessing_companies: preprocess_companies([companies]) -> [preprocessed_companies]
2020-02-05 16:38:48,566 - kedro.io.data_catalog - INFO - Saving data to `preprocessed_companies` (CSVLocalDataSet)...
2020-02-05 16:38:48,866 - kedro.runner.sequential_runner - INFO - Completed 1 out of 6 tasks
2020-02-05 16:38:48,866 - kedro.io.data_catalog - INFO - Loading data from `shuttles` (ExcelLocalDataSet)...
2020-02-05 16:38:56,894 - kedro.pipeline.node - INFO - Running node: preprocessing_shuttles: preprocess_shuttles([shuttles]) -> [preprocessed_shuttles]
2020-02-05 16:38:56,960 - kedro.io.data_catalog - INFO - Saving data to `preprocessed_shuttles` (CSVLocalDataSet)...
2020-02-05 16:38:57,529 - kedro.runner.sequential_runner - INFO - Completed 2 out of 6 tasks
2020-02-05 16:38:57,529 - kedro.io.data_catalog - INFO - Loading data from `preprocessed_shuttles` (CSVLocalDataSet)...
2020-02-05 16:38:57,638 - kedro.io.data_catalog - INFO - Loading data from `preprocessed_companies` (CSVLocalDataSet)...
2020-02-05 16:38:57,675 - kedro.io.data_catalog - INFO - Loading data from `reviews` (CSVLocalDataSet)...
2020-02-05 16:38:57,742 - kedro.pipeline.node - INFO - Running node: master_table: create_master_table([preprocessed_companies,preprocessed_shuttles,reviews]) -> [master_table]
2020-02-05 16:38:59,606 - kedro.io.data_catalog - INFO - Saving data to `master_table` (CSVLocalDataSet)...
2020-02-05 16:39:11,475 - kedro.runner.sequential_runner - INFO - Completed 3 out of 6 tasks
2020-02-05 16:39:11,476 - kedro.io.data_catalog - INFO - Loading data from `master_table` (CSVLocalDataSet)...
2020-02-05 16:39:13,241 - kedro.io.data_catalog - INFO - Loading data from `parameters` (MemoryDataSet)...
2020-02-05 16:39:13,242 - kedro.pipeline.node - INFO - Running node: split_data([master_table,parameters]) -> [X_test,X_train,y_test,y_train]
2020-02-05 16:39:13,561 - kedro.io.data_catalog - INFO - Saving data to `X_train` (MemoryDataSet)...
2020-02-05 16:39:13,597 - kedro.io.data_catalog - INFO - Saving data to `X_test` (MemoryDataSet)...
2020-02-05 16:39:13,607 - kedro.io.data_catalog - INFO - Saving data to `y_train` (MemoryDataSet)...
2020-02-05 16:39:13,608 - kedro.io.data_catalog - INFO - Saving data to `y_test` (MemoryDataSet)...
2020-02-05 16:39:13,660 - kedro.runner.sequential_runner - INFO - Completed 4 out of 6 tasks
2020-02-05 16:39:13,661 - kedro.io.data_catalog - INFO - Loading data from `X_train` (MemoryDataSet)...
2020-02-05 16:39:13,699 - kedro.io.data_catalog - INFO - Loading data from `y_train` (MemoryDataSet)...
2020-02-05 16:39:13,701 - kedro.pipeline.node - INFO - Running node: train_model([X_train,y_train]) -> [regressor]
2020-02-05 16:39:13,927 - kedro.io.data_catalog - INFO - Saving data to `regressor` (PickleLocalDataSet)...
2020-02-05 16:39:14,018 - kedro.runner.sequential_runner - INFO - Completed 5 out of 6 tasks
2020-02-05 16:39:14,018 - kedro.io.data_catalog - INFO - Loading data from `regressor` (PickleLocalDataSet)...
2020-02-05 16:39:14,018 - kedro.io.data_catalog - INFO - Loading data from `X_test` (MemoryDataSet)...
2020-02-05 16:39:14,033 - kedro.io.data_catalog - INFO - Loading data from `y_test` (MemoryDataSet)...
2020-02-05 16:39:14,033 - kedro.pipeline.node - INFO - Running node: evaluate_model([X_test,regressor,y_test]) -> None
2020-02-05 16:39:14,080 - dex_pipeline_kedro.pipelines.data_science.nodes - INFO - model has a coefficient R^2 of 0.456
2020-02-05 16:39:14,102 - kedro.runner.sequential_runner - INFO - Completed 6 out of 6 tasks
2020-02-05 16:39:14,102 - kedro.runner.sequential_runner - INFO - Pipeline execution completed successfully.
2020-02-05 16:51:56,666 - root - INFO - ** Kedro project pipeline_Kedro
2020-02-05 16:51:56,670 - kedro.versioning.journal - WARNING - Unable to git describe C:\Users\takafumi.a.ito\Desktop\Job2020\DEX\Pipeline_Experimence\pipeline_Kedro
2020-02-05 16:51:56,687 - kedro.io.data_catalog - INFO - Loading data from `companies` (CSVLocalDataSet)...
2020-02-05 16:51:56,727 - kedro.pipeline.node - INFO - Running node: preprocessing_companies: preprocess_companies([companies]) -> [preprocessed_companies]
2020-02-05 16:51:56,775 - dex_pipeline_kedro.pipelines.data_engineering.nodes - INFO - Ruuning 'preprocess_companies' took 0.05 seconds
2020-02-05 16:51:56,775 - kedro.io.data_catalog - INFO - Saving data to `preprocessed_companies` (CSVLocalDataSet)...
2020-02-05 16:51:57,064 - kedro.runner.sequential_runner - INFO - Completed 1 out of 6 tasks
2020-02-05 16:51:57,064 - kedro.io.data_catalog - INFO - Loading data from `shuttles` (ExcelLocalDataSet)...
2020-02-05 16:52:05,135 - kedro.pipeline.node - INFO - Running node: preprocessing_shuttles: preprocess_shuttles([shuttles]) -> [preprocessed_shuttles]
2020-02-05 16:52:05,204 - dex_pipeline_kedro.pipelines.data_engineering.nodes - INFO - Ruuning 'preprocess_shuttles' took 0.07 seconds
2020-02-05 16:52:05,204 - kedro.io.data_catalog - INFO - Saving data to `preprocessed_shuttles` (CSVLocalDataSet)...
2020-02-05 16:52:05,767 - kedro.runner.sequential_runner - INFO - Completed 2 out of 6 tasks
2020-02-05 16:52:05,768 - kedro.io.data_catalog - INFO - Loading data from `preprocessed_shuttles` (CSVLocalDataSet)...
2020-02-05 16:52:05,872 - kedro.io.data_catalog - INFO - Loading data from `preprocessed_companies` (CSVLocalDataSet)...
2020-02-05 16:52:05,911 - kedro.io.data_catalog - INFO - Loading data from `reviews` (CSVLocalDataSet)...
2020-02-05 16:52:05,977 - kedro.pipeline.node - INFO - Running node: master_table: create_master_table([preprocessed_companies,preprocessed_shuttles,reviews]) -> [master_table]
2020-02-05 16:52:07,939 - dex_pipeline_kedro.pipelines.data_engineering.nodes - INFO - Ruuning 'create_master_table' took 1.96 seconds
2020-02-05 16:52:07,939 - kedro.io.data_catalog - INFO - Saving data to `master_table` (CSVLocalDataSet)...
2020-02-05 16:52:20,073 - kedro.runner.sequential_runner - INFO - Completed 3 out of 6 tasks
2020-02-05 16:52:20,073 - kedro.io.data_catalog - INFO - Loading data from `master_table` (CSVLocalDataSet)...
2020-02-05 16:52:22,150 - kedro.io.data_catalog - INFO - Loading data from `parameters` (MemoryDataSet)...
2020-02-05 16:52:22,151 - kedro.pipeline.node - INFO - Running node: split_data([master_table,parameters]) -> [X_test,X_train,y_test,y_train]
2020-02-05 16:52:22,480 - kedro.io.data_catalog - INFO - Saving data to `X_train` (MemoryDataSet)...
2020-02-05 16:52:22,519 - kedro.io.data_catalog - INFO - Saving data to `X_test` (MemoryDataSet)...
2020-02-05 16:52:22,528 - kedro.io.data_catalog - INFO - Saving data to `y_train` (MemoryDataSet)...
2020-02-05 16:52:22,529 - kedro.io.data_catalog - INFO - Saving data to `y_test` (MemoryDataSet)...
2020-02-05 16:52:22,585 - kedro.runner.sequential_runner - INFO - Completed 4 out of 6 tasks
2020-02-05 16:52:22,585 - kedro.io.data_catalog - INFO - Loading data from `X_train` (MemoryDataSet)...
2020-02-05 16:52:22,628 - kedro.io.data_catalog - INFO - Loading data from `y_train` (MemoryDataSet)...
2020-02-05 16:52:22,630 - kedro.pipeline.node - INFO - Running node: train_model([X_train,y_train]) -> [regressor]
2020-02-05 16:52:22,868 - kedro.io.data_catalog - INFO - Saving data to `regressor` (PickleLocalDataSet)...
2020-02-05 16:52:22,968 - kedro.runner.sequential_runner - INFO - Completed 5 out of 6 tasks
2020-02-05 16:52:22,968 - kedro.io.data_catalog - INFO - Loading data from `regressor` (PickleLocalDataSet)...
2020-02-05 16:52:23,077 - kedro.io.data_catalog - INFO - Loading data from `X_test` (MemoryDataSet)...
2020-02-05 16:52:23,088 - kedro.io.data_catalog - INFO - Loading data from `y_test` (MemoryDataSet)...
2020-02-05 16:52:23,089 - kedro.pipeline.node - INFO - Running node: evaluate_model([X_test,regressor,y_test]) -> None
2020-02-05 16:52:23,135 - dex_pipeline_kedro.pipelines.data_science.nodes - INFO - model has a coefficient R^2 of 0.456
2020-02-05 16:52:23,159 - kedro.runner.sequential_runner - INFO - Completed 6 out of 6 tasks
2020-02-05 16:52:23,159 - kedro.runner.sequential_runner - INFO - Pipeline execution completed successfully.
2020-02-05 16:53:34,867 - root - INFO - ** Kedro project pipeline_Kedro
2020-02-05 16:53:34,872 - kedro.versioning.journal - WARNING - Unable to git describe C:\Users\takafumi.a.ito\Desktop\Job2020\DEX\Pipeline_Experimence\pipeline_Kedro
2020-02-05 16:53:34,885 - kedro.io.data_catalog - INFO - Loading data from `companies` (CSVLocalDataSet)...
2020-02-05 16:53:34,923 - kedro.pipeline.node - INFO - Running node: preprocessing_companies: preprocess_companies([companies]) -> [preprocessed_companies]
2020-02-05 16:53:34,979 - dex_pipeline_kedro.pipelines.data_engineering.nodes - INFO - Ruuning 'preprocess_companies' took 0.06 seconds
2020-02-05 16:53:34,979 - kedro.io.data_catalog - INFO - Saving data to `preprocessed_companies` (CSVLocalDataSet)...
2020-02-05 16:53:35,266 - kedro.runner.sequential_runner - INFO - Completed 1 out of 6 tasks
2020-02-05 16:53:35,266 - kedro.io.data_catalog - INFO - Loading data from `shuttles` (ExcelLocalDataSet)...
2020-02-05 16:53:43,234 - kedro.pipeline.node - INFO - Running node: preprocessing_shuttles: preprocess_shuttles([shuttles]) -> [preprocessed_shuttles]
2020-02-05 16:53:43,304 - dex_pipeline_kedro.pipelines.data_engineering.nodes - INFO - Ruuning 'preprocess_shuttles' took 0.07 seconds
2020-02-05 16:53:43,304 - kedro.io.data_catalog - INFO - Saving data to `preprocessed_shuttles` (CSVLocalDataSet)...
2020-02-05 16:53:43,875 - kedro.runner.sequential_runner - INFO - Completed 2 out of 6 tasks
2020-02-05 16:53:43,875 - kedro.io.data_catalog - INFO - Loading data from `preprocessed_shuttles` (CSVLocalDataSet)...
2020-02-05 16:53:43,982 - kedro.io.data_catalog - INFO - Loading data from `preprocessed_companies` (CSVLocalDataSet)...
2020-02-05 16:53:44,020 - kedro.io.data_catalog - INFO - Loading data from `reviews` (CSVLocalDataSet)...
2020-02-05 16:53:44,086 - kedro.pipeline.node - INFO - Running node: master_table: create_master_table([preprocessed_companies,preprocessed_shuttles,reviews]) -> [master_table]
2020-02-05 16:53:46,062 - dex_pipeline_kedro.pipelines.data_engineering.nodes - INFO - Ruuning 'create_master_table' took 1.98 seconds
2020-02-05 16:53:46,062 - kedro.io.data_catalog - INFO - Saving data to `master_table` (CSVLocalDataSet)...
2020-02-05 16:53:58,123 - kedro.runner.sequential_runner - INFO - Completed 3 out of 6 tasks
2020-02-05 16:53:58,123 - kedro.io.data_catalog - INFO - Loading data from `master_table` (CSVLocalDataSet)...
2020-02-05 16:54:00,020 - kedro.io.data_catalog - INFO - Loading data from `parameters` (MemoryDataSet)...
2020-02-05 16:54:00,020 - kedro.pipeline.node - INFO - Running node: split_data([master_table,parameters]) -> [X_test,X_train,y_test,y_train]
2020-02-05 16:54:00,343 - dex_pipeline_kedro.pipelines.data_science.nodes - INFO - Ruuning 'split_data' took 0.32 seconds
2020-02-05 16:54:00,343 - kedro.io.data_catalog - INFO - Saving data to `X_train` (MemoryDataSet)...
2020-02-05 16:54:00,383 - kedro.io.data_catalog - INFO - Saving data to `X_test` (MemoryDataSet)...
2020-02-05 16:54:00,391 - kedro.io.data_catalog - INFO - Saving data to `y_train` (MemoryDataSet)...
2020-02-05 16:54:00,392 - kedro.io.data_catalog - INFO - Saving data to `y_test` (MemoryDataSet)...
2020-02-05 16:54:00,446 - kedro.runner.sequential_runner - INFO - Completed 4 out of 6 tasks
2020-02-05 16:54:00,446 - kedro.io.data_catalog - INFO - Loading data from `X_train` (MemoryDataSet)...
2020-02-05 16:54:00,489 - kedro.io.data_catalog - INFO - Loading data from `y_train` (MemoryDataSet)...
2020-02-05 16:54:00,490 - kedro.pipeline.node - INFO - Running node: train_model([X_train,y_train]) -> [regressor]
2020-02-05 16:54:00,720 - dex_pipeline_kedro.pipelines.data_science.nodes - INFO - Ruuning 'train_model' took 0.23 seconds
2020-02-05 16:54:00,720 - kedro.io.data_catalog - INFO - Saving data to `regressor` (PickleLocalDataSet)...
2020-02-05 16:54:00,824 - kedro.runner.sequential_runner - INFO - Completed 5 out of 6 tasks
2020-02-05 16:54:00,824 - kedro.io.data_catalog - INFO - Loading data from `regressor` (PickleLocalDataSet)...
2020-02-05 16:54:00,847 - kedro.io.data_catalog - INFO - Loading data from `X_test` (MemoryDataSet)...
2020-02-05 16:54:00,860 - kedro.io.data_catalog - INFO - Loading data from `y_test` (MemoryDataSet)...
2020-02-05 16:54:00,860 - kedro.pipeline.node - INFO - Running node: evaluate_model([X_test,regressor,y_test]) -> None
2020-02-05 16:54:00,906 - dex_pipeline_kedro.pipelines.data_science.nodes - INFO - model has a coefficient R^2 of 0.456
2020-02-05 16:54:00,907 - dex_pipeline_kedro.pipelines.data_science.nodes - INFO - Ruuning 'evaluate_model' took 0.05 seconds
2020-02-05 16:54:00,935 - kedro.runner.sequential_runner - INFO - Completed 6 out of 6 tasks
2020-02-05 16:54:00,935 - kedro.runner.sequential_runner - INFO - Pipeline execution completed successfully.
2020-02-05 16:58:09,482 - root - INFO - ** Kedro project pipeline_Kedro
2020-02-05 16:58:09,486 - kedro.versioning.journal - WARNING - Unable to git describe C:\Users\takafumi.a.ito\Desktop\Job2020\DEX\Pipeline_Experimence\pipeline_Kedro
2020-02-05 16:58:09,498 - kedro.io.data_catalog - INFO - Loading data from `shuttles` (ExcelLocalDataSet)...
2020-02-05 16:58:17,399 - kedro.pipeline.node - INFO - Running node: preprocessing_shuttles: preprocess_shuttles([shuttles]) -> [preprocessed_shuttles]
2020-02-05 16:58:17,470 - dex_pipeline_kedro.pipelines.data_engineering.nodes - INFO - Ruuning 'preprocess_shuttles' took 0.07 seconds
2020-02-05 16:58:17,470 - kedro.io.data_catalog - INFO - Saving data to `preprocessed_shuttles` (CSVLocalDataSet)...
2020-02-05 16:58:18,048 - kedro.runner.sequential_runner - INFO - Completed 1 out of 6 tasks
2020-02-05 16:58:18,048 - kedro.io.data_catalog - INFO - Loading data from `companies` (CSVLocalDataSet)...
2020-02-05 16:58:18,088 - kedro.pipeline.node - INFO - Running node: preprocessing_companies: preprocess_companies([companies]) -> [preprocessed_companies]
2020-02-05 16:58:18,135 - dex_pipeline_kedro.pipelines.data_engineering.nodes - INFO - Ruuning 'preprocess_companies' took 0.05 seconds
2020-02-05 16:58:18,136 - kedro.io.data_catalog - INFO - Saving data to `preprocessed_companies` (CSVLocalDataSet)...
2020-02-05 16:58:18,479 - kedro.runner.sequential_runner - INFO - Completed 2 out of 6 tasks
2020-02-05 16:58:18,479 - kedro.io.data_catalog - INFO - Loading data from `preprocessed_shuttles` (CSVLocalDataSet)...
2020-02-05 16:58:18,593 - kedro.io.data_catalog - INFO - Loading data from `preprocessed_companies` (CSVLocalDataSet)...
2020-02-05 16:58:18,637 - kedro.io.data_catalog - INFO - Loading data from `reviews` (CSVLocalDataSet)...
2020-02-05 16:58:18,708 - kedro.pipeline.node - INFO - Running node: master_table: create_master_table([preprocessed_companies,preprocessed_shuttles,reviews]) -> [master_table]
2020-02-05 16:58:20,789 - dex_pipeline_kedro.pipelines.data_engineering.nodes - INFO - Ruuning 'create_master_table' took 2.08 seconds
2020-02-05 16:58:20,789 - kedro.io.data_catalog - INFO - Saving data to `master_table` (CSVLocalDataSet)...
2020-02-05 16:58:33,628 - kedro.runner.sequential_runner - INFO - Completed 3 out of 6 tasks
2020-02-05 16:58:33,629 - kedro.io.data_catalog - INFO - Loading data from `master_table` (CSVLocalDataSet)...
2020-02-05 16:58:35,490 - kedro.io.data_catalog - INFO - Loading data from `parameters` (MemoryDataSet)...
2020-02-05 16:58:35,490 - kedro.pipeline.node - INFO - Running node: split_data([master_table,parameters]) -> [X_test,X_train,y_test,y_train]
2020-02-05 16:58:35,817 - dex_pipeline_kedro.pipelines.data_science.nodes - INFO - Ruuning 'split_data' took 0.33 seconds
2020-02-05 16:58:35,818 - kedro.io.data_catalog - INFO - Saving data to `X_train` (MemoryDataSet)...
2020-02-05 16:58:35,851 - kedro.io.data_catalog - INFO - Saving data to `X_test` (MemoryDataSet)...
2020-02-05 16:58:35,859 - kedro.io.data_catalog - INFO - Saving data to `y_train` (MemoryDataSet)...
2020-02-05 16:58:35,860 - kedro.io.data_catalog - INFO - Saving data to `y_test` (MemoryDataSet)...
2020-02-05 16:58:35,915 - kedro.runner.sequential_runner - INFO - Completed 4 out of 6 tasks
2020-02-05 16:58:35,915 - kedro.io.data_catalog - INFO - Loading data from `X_train` (MemoryDataSet)...
2020-02-05 16:58:35,962 - kedro.io.data_catalog - INFO - Loading data from `y_train` (MemoryDataSet)...
2020-02-05 16:58:35,963 - kedro.pipeline.node - INFO - Running node: train_model([X_train,y_train]) -> [regressor]
2020-02-05 16:58:36,194 - dex_pipeline_kedro.pipelines.data_science.nodes - INFO - Ruuning 'train_model' took 0.23 seconds
2020-02-05 16:58:36,195 - kedro.io.data_catalog - INFO - Saving data to `regressor` (PickleLocalDataSet)...
2020-02-05 16:58:36,296 - kedro.runner.sequential_runner - INFO - Completed 5 out of 6 tasks
2020-02-05 16:58:36,297 - kedro.io.data_catalog - INFO - Loading data from `regressor` (PickleLocalDataSet)...
2020-02-05 16:58:36,303 - kedro.io.data_catalog - INFO - Loading data from `X_test` (MemoryDataSet)...
2020-02-05 16:58:36,311 - kedro.io.data_catalog - INFO - Loading data from `y_test` (MemoryDataSet)...
2020-02-05 16:58:36,312 - kedro.pipeline.node - INFO - Running node: evaluate_model([X_test,regressor,y_test]) -> None
2020-02-05 16:58:36,358 - dex_pipeline_kedro.pipelines.data_science.nodes - INFO - model has a coefficient R^2 of 0.456
2020-02-05 16:58:36,358 - dex_pipeline_kedro.pipelines.data_science.nodes - INFO - Ruuning 'evaluate_model' took 0.05 seconds
2020-02-05 16:58:36,383 - kedro.runner.sequential_runner - INFO - Completed 6 out of 6 tasks
2020-02-05 16:58:36,384 - kedro.runner.sequential_runner - INFO - Pipeline execution completed successfully.
2020-02-05 16:58:40,659 - root - INFO - ** Kedro project pipeline_Kedro
2020-02-05 16:58:40,664 - kedro.versioning.journal - WARNING - Unable to git describe C:\Users\takafumi.a.ito\Desktop\Job2020\DEX\Pipeline_Experimence\pipeline_Kedro
2020-02-05 16:58:40,675 - kedro.io.data_catalog - INFO - Loading data from `companies` (CSVLocalDataSet)...
2020-02-05 16:58:40,713 - kedro.pipeline.node - INFO - Running node: preprocessing_companies: preprocess_companies([companies]) -> [preprocessed_companies]
2020-02-05 16:58:40,774 - dex_pipeline_kedro.pipelines.data_engineering.nodes - INFO - Ruuning 'preprocess_companies' took 0.06 seconds
2020-02-05 16:58:40,774 - dex_pipeline_kedro.pipelines.data_engineering.nodes - INFO - Ruuning 'preprocess_companies' took 0.06 seconds
2020-02-05 16:58:40,775 - kedro.io.data_catalog - INFO - Saving data to `preprocessed_companies` (CSVLocalDataSet)...
2020-02-05 16:58:41,072 - kedro.runner.sequential_runner - INFO - Completed 1 out of 6 tasks
2020-02-05 16:58:41,072 - kedro.io.data_catalog - INFO - Loading data from `shuttles` (ExcelLocalDataSet)...
2020-02-05 16:58:49,523 - kedro.pipeline.node - INFO - Running node: preprocessing_shuttles: preprocess_shuttles([shuttles]) -> [preprocessed_shuttles]
2020-02-05 16:58:49,596 - dex_pipeline_kedro.pipelines.data_engineering.nodes - INFO - Ruuning 'preprocess_shuttles' took 0.07 seconds
2020-02-05 16:58:49,597 - dex_pipeline_kedro.pipelines.data_engineering.nodes - INFO - Ruuning 'preprocess_shuttles' took 0.07 seconds
2020-02-05 16:58:49,598 - kedro.io.data_catalog - INFO - Saving data to `preprocessed_shuttles` (CSVLocalDataSet)...
2020-02-05 16:58:50,177 - kedro.runner.sequential_runner - INFO - Completed 2 out of 6 tasks
2020-02-05 16:58:50,177 - kedro.io.data_catalog - INFO - Loading data from `preprocessed_shuttles` (CSVLocalDataSet)...
2020-02-05 16:58:50,286 - kedro.io.data_catalog - INFO - Loading data from `preprocessed_companies` (CSVLocalDataSet)...
2020-02-05 16:58:50,325 - kedro.io.data_catalog - INFO - Loading data from `reviews` (CSVLocalDataSet)...
2020-02-05 16:58:50,394 - kedro.pipeline.node - INFO - Running node: master_table: create_master_table([preprocessed_companies,preprocessed_shuttles,reviews]) -> [master_table]
2020-02-05 16:58:52,349 - dex_pipeline_kedro.pipelines.data_engineering.nodes - INFO - Ruuning 'create_master_table' took 1.95 seconds
2020-02-05 16:58:52,349 - dex_pipeline_kedro.pipelines.data_engineering.nodes - INFO - Ruuning 'create_master_table' took 1.95 seconds
2020-02-05 16:58:52,350 - kedro.io.data_catalog - INFO - Saving data to `master_table` (CSVLocalDataSet)...
2020-02-05 16:59:05,379 - kedro.runner.sequential_runner - INFO - Completed 3 out of 6 tasks
2020-02-05 16:59:05,380 - kedro.io.data_catalog - INFO - Loading data from `master_table` (CSVLocalDataSet)...
2020-02-05 16:59:07,443 - kedro.io.data_catalog - INFO - Loading data from `parameters` (MemoryDataSet)...
2020-02-05 16:59:07,444 - kedro.pipeline.node - INFO - Running node: split_data([master_table,parameters]) -> [X_test,X_train,y_test,y_train]
2020-02-05 16:59:07,783 - dex_pipeline_kedro.pipelines.data_science.nodes - INFO - Ruuning 'split_data' took 0.34 seconds
2020-02-05 16:59:07,783 - dex_pipeline_kedro.pipelines.data_engineering.nodes - INFO - Ruuning 'split_data' took 0.34 seconds
2020-02-05 16:59:07,784 - kedro.io.data_catalog - INFO - Saving data to `X_train` (MemoryDataSet)...
2020-02-05 16:59:07,819 - kedro.io.data_catalog - INFO - Saving data to `X_test` (MemoryDataSet)...
2020-02-05 16:59:07,829 - kedro.io.data_catalog - INFO - Saving data to `y_train` (MemoryDataSet)...
2020-02-05 16:59:07,830 - kedro.io.data_catalog - INFO - Saving data to `y_test` (MemoryDataSet)...
2020-02-05 16:59:07,888 - kedro.runner.sequential_runner - INFO - Completed 4 out of 6 tasks
2020-02-05 16:59:07,888 - kedro.io.data_catalog - INFO - Loading data from `X_train` (MemoryDataSet)...
2020-02-05 16:59:07,930 - kedro.io.data_catalog - INFO - Loading data from `y_train` (MemoryDataSet)...
2020-02-05 16:59:07,931 - kedro.pipeline.node - INFO - Running node: train_model([X_train,y_train]) -> [regressor]
2020-02-05 16:59:08,174 - dex_pipeline_kedro.pipelines.data_science.nodes - INFO - Ruuning 'train_model' took 0.24 seconds
2020-02-05 16:59:08,174 - dex_pipeline_kedro.pipelines.data_engineering.nodes - INFO - Ruuning 'train_model' took 0.24 seconds
2020-02-05 16:59:08,175 - kedro.io.data_catalog - INFO - Saving data to `regressor` (PickleLocalDataSet)...
2020-02-05 16:59:08,278 - kedro.runner.sequential_runner - INFO - Completed 5 out of 6 tasks
2020-02-05 16:59:08,279 - kedro.io.data_catalog - INFO - Loading data from `regressor` (PickleLocalDataSet)...
2020-02-05 16:59:08,305 - kedro.io.data_catalog - INFO - Loading data from `X_test` (MemoryDataSet)...
2020-02-05 16:59:08,318 - kedro.io.data_catalog - INFO - Loading data from `y_test` (MemoryDataSet)...
2020-02-05 16:59:08,318 - kedro.pipeline.node - INFO - Running node: evaluate_model([X_test,regressor,y_test]) -> None
2020-02-05 16:59:08,369 - dex_pipeline_kedro.pipelines.data_science.nodes - INFO - model has a coefficient R^2 of 0.456
2020-02-05 16:59:08,382 - dex_pipeline_kedro.pipelines.data_science.nodes - INFO - Ruuning 'evaluate_model' took 0.06 seconds
2020-02-05 16:59:08,414 - dex_pipeline_kedro.pipelines.data_engineering.nodes - INFO - Ruuning 'evaluate_model' took 0.10 seconds
2020-02-05 16:59:08,446 - kedro.runner.sequential_runner - INFO - Completed 6 out of 6 tasks
2020-02-05 16:59:08,446 - kedro.runner.sequential_runner - INFO - Pipeline execution completed successfully.
2020-02-05 16:59:50,560 - root - INFO - ** Kedro project pipeline_Kedro
2020-02-05 16:59:50,564 - kedro.versioning.journal - WARNING - Unable to git describe C:\Users\takafumi.a.ito\Desktop\Job2020\DEX\Pipeline_Experimence\pipeline_Kedro
2020-02-05 17:00:20,981 - kedro.runner.parallel_runner - INFO - Pipeline execution completed successfully.
2020-02-05 17:10:39,626 - root - INFO - ** Kedro project pipeline_Kedro
2020-02-05 17:10:39,630 - kedro.versioning.journal - WARNING - Unable to git describe C:\Users\takafumi.a.ito\Desktop\Job2020\DEX\Pipeline_Experimence\pipeline_Kedro
2020-02-05 17:10:39,662 - kedro.io.data_catalog - INFO - Loading data from `companies` (CSVLocalDataSet)...
2020-02-05 17:10:39,720 - kedro.pipeline.node - INFO - Running node: preprocessing_companies: preprocess_companies([companies]) -> [preprocessed_companies]
2020-02-05 17:10:39,788 - dex_pipeline_kedro.pipelines.data_engineering.nodes - INFO - Ruuning 'preprocess_companies' took 0.07 seconds
2020-02-05 17:10:39,788 - kedro.io.data_catalog - INFO - Saving data to `preprocessed_companies` (CSVLocalDataSet)...
2020-02-05 17:10:40,122 - kedro.runner.sequential_runner - INFO - Completed 1 out of 6 tasks
2020-02-05 17:10:40,122 - kedro.io.data_catalog - INFO - Loading data from `shuttles` (ExcelLocalDataSet)...
2020-02-05 17:10:49,037 - kedro.pipeline.node - INFO - Running node: preprocessing_shuttles: preprocess_shuttles([shuttles]) -> [preprocessed_shuttles]
2020-02-05 17:10:49,108 - dex_pipeline_kedro.pipelines.data_engineering.nodes - INFO - Ruuning 'preprocess_shuttles' took 0.07 seconds
2020-02-05 17:10:49,109 - kedro.io.data_catalog - INFO - Saving data to `preprocessed_shuttles` (CSVLocalDataSet)...
2020-02-05 17:10:49,709 - kedro.runner.sequential_runner - INFO - Completed 2 out of 6 tasks
2020-02-05 17:10:49,710 - kedro.io.data_catalog - INFO - Loading data from `preprocessed_shuttles` (CSVLocalDataSet)...
2020-02-05 17:10:49,825 - kedro.io.data_catalog - INFO - Loading data from `preprocessed_companies` (CSVLocalDataSet)...
2020-02-05 17:10:49,869 - kedro.io.data_catalog - INFO - Loading data from `reviews` (CSVLocalDataSet)...
2020-02-05 17:10:49,940 - kedro.pipeline.node - INFO - Running node: master_table: create_master_table([preprocessed_companies,preprocessed_shuttles,reviews]) -> [master_table]
2020-02-05 17:10:51,978 - dex_pipeline_kedro.pipelines.data_engineering.nodes - INFO - Ruuning 'create_master_table' took 2.04 seconds
2020-02-05 17:10:51,979 - kedro.io.data_catalog - INFO - Saving data to `master_table` (CSVLocalDataSet)...
2020-02-05 17:11:05,027 - kedro.runner.sequential_runner - INFO - Completed 3 out of 6 tasks
2020-02-05 17:11:05,027 - kedro.io.data_catalog - INFO - Loading data from `master_table` (CSVLocalDataSet)...
2020-02-05 17:11:07,188 - kedro.io.data_catalog - INFO - Loading data from `parameters` (MemoryDataSet)...
2020-02-05 17:11:07,188 - kedro.pipeline.node - INFO - Running node: split_data([master_table,parameters]) -> [X_test,X_train,y_test,y_train]
2020-02-05 17:11:07,538 - dex_pipeline_kedro.pipelines.data_science.nodes - INFO - Ruuning 'split_data' took 0.35 seconds
2020-02-05 17:11:07,538 - kedro.io.data_catalog - INFO - Saving data to `X_train` (MemoryDataSet)...
2020-02-05 17:11:07,576 - kedro.io.data_catalog - INFO - Saving data to `X_test` (MemoryDataSet)...
2020-02-05 17:11:07,587 - kedro.io.data_catalog - INFO - Saving data to `y_train` (MemoryDataSet)...
2020-02-05 17:11:07,588 - kedro.io.data_catalog - INFO - Saving data to `y_test` (MemoryDataSet)...
2020-02-05 17:11:07,647 - kedro.runner.sequential_runner - INFO - Completed 4 out of 6 tasks
2020-02-05 17:11:07,647 - kedro.io.data_catalog - INFO - Loading data from `X_train` (MemoryDataSet)...
2020-02-05 17:11:07,694 - kedro.io.data_catalog - INFO - Loading data from `y_train` (MemoryDataSet)...
2020-02-05 17:11:07,695 - kedro.pipeline.node - INFO - Running node: train_model([X_train,y_train]) -> [regressor]
2020-02-05 17:11:07,946 - dex_pipeline_kedro.pipelines.data_science.nodes - INFO - Ruuning 'train_model' took 0.25 seconds
2020-02-05 17:11:07,946 - kedro.io.data_catalog - INFO - Saving data to `regressor` (PickleLocalDataSet)...
2020-02-05 17:11:08,069 - kedro.runner.sequential_runner - INFO - Completed 5 out of 6 tasks
2020-02-05 17:11:08,069 - kedro.io.data_catalog - INFO - Loading data from `regressor` (PickleLocalDataSet)...
2020-02-05 17:11:08,076 - kedro.io.data_catalog - INFO - Loading data from `X_test` (MemoryDataSet)...
2020-02-05 17:11:08,088 - kedro.io.data_catalog - INFO - Loading data from `y_test` (MemoryDataSet)...
2020-02-05 17:11:08,089 - kedro.pipeline.node - INFO - Running node: evaluate_model([X_test,regressor,y_test]) -> [predictions]
2020-02-05 17:11:08,140 - dex_pipeline_kedro.pipelines.data_science.nodes - INFO - model has a coefficient R^2 of 0.456
2020-02-05 17:11:08,142 - dex_pipeline_kedro.pipelines.data_science.nodes - INFO - Ruuning 'evaluate_model' took 0.05 seconds
2020-02-05 17:11:08,142 - kedro.io.data_catalog - INFO - Saving data to `predictions` (CSVLocalDataSet)...
2020-02-05 17:11:08,636 - kedro.runner.sequential_runner - INFO - Completed 6 out of 6 tasks
2020-02-05 17:11:08,636 - kedro.runner.sequential_runner - INFO - Pipeline execution completed successfully.
2020-02-05 17:40:07,211 - root - INFO - ** Kedro project pipeline_Kedro
2020-02-05 17:40:07,216 - kedro.versioning.journal - WARNING - Unable to git describe C:\Users\takafumi.a.ito\Desktop\Job2020\DEX\Pipeline_Experimence\pipeline_Kedro
2020-02-05 17:40:07,235 - kedro.io.data_catalog - INFO - Loading data from `companies` (CSVLocalDataSet)...
2020-02-05 17:40:07,295 - kedro.pipeline.node - INFO - Running node: preprocessing_companies: preprocess_companies([companies]) -> [preprocessed_companies]
2020-02-05 17:40:07,343 - dex_pipeline_kedro.pipelines.data_engineering.nodes - INFO - Ruuning 'preprocess_companies' took 0.05 seconds
2020-02-05 17:40:07,344 - kedro.io.data_catalog - INFO - Saving data to `preprocessed_companies` (CSVLocalDataSet)...
2020-02-05 17:40:07,633 - kedro.runner.sequential_runner - INFO - Completed 1 out of 7 tasks
2020-02-05 17:40:07,634 - kedro.io.data_catalog - INFO - Loading data from `shuttles` (ExcelLocalDataSet)...
2020-02-05 17:40:15,563 - kedro.pipeline.node - INFO - Running node: preprocessing_shuttles: preprocess_shuttles([shuttles]) -> [preprocessed_shuttles]
2020-02-05 17:40:15,632 - dex_pipeline_kedro.pipelines.data_engineering.nodes - INFO - Ruuning 'preprocess_shuttles' took 0.07 seconds
2020-02-05 17:40:15,633 - kedro.io.data_catalog - INFO - Saving data to `preprocessed_shuttles` (CSVLocalDataSet)...
2020-02-05 17:40:16,200 - kedro.runner.sequential_runner - INFO - Completed 2 out of 7 tasks
2020-02-05 17:40:16,200 - kedro.io.data_catalog - INFO - Loading data from `preprocessed_shuttles` (CSVLocalDataSet)...
2020-02-05 17:40:16,308 - kedro.io.data_catalog - INFO - Loading data from `preprocessed_companies` (CSVLocalDataSet)...
2020-02-05 17:40:16,349 - kedro.io.data_catalog - INFO - Loading data from `reviews` (CSVLocalDataSet)...
2020-02-05 17:40:16,420 - kedro.pipeline.node - INFO - Running node: master_table: create_master_table([preprocessed_companies,preprocessed_shuttles,reviews]) -> [master_table]
2020-02-05 17:40:18,365 - dex_pipeline_kedro.pipelines.data_engineering.nodes - INFO - Ruuning 'create_master_table' took 1.94 seconds
2020-02-05 17:40:18,365 - kedro.io.data_catalog - INFO - Saving data to `master_table` (CSVLocalDataSet)...
2020-02-05 17:40:30,490 - kedro.runner.sequential_runner - INFO - Completed 3 out of 7 tasks
2020-02-05 17:40:30,490 - kedro.io.data_catalog - INFO - Loading data from `master_table` (CSVLocalDataSet)...
2020-02-05 17:40:32,577 - kedro.io.data_catalog - INFO - Loading data from `parameters` (MemoryDataSet)...
2020-02-05 17:40:32,577 - kedro.pipeline.node - INFO - Running node: split_data([master_table,parameters]) -> [X_test,X_train,y_test,y_train]
2020-02-05 17:40:32,900 - dex_pipeline_kedro.pipelines.data_science.nodes - INFO - Ruuning 'split_data' took 0.32 seconds
2020-02-05 17:40:32,901 - kedro.io.data_catalog - INFO - Saving data to `X_train` (MemoryDataSet)...
2020-02-05 17:40:32,935 - kedro.io.data_catalog - INFO - Saving data to `X_test` (MemoryDataSet)...
2020-02-05 17:40:32,944 - kedro.io.data_catalog - INFO - Saving data to `y_train` (MemoryDataSet)...
2020-02-05 17:40:32,945 - kedro.io.data_catalog - INFO - Saving data to `y_test` (MemoryDataSet)...
2020-02-05 17:40:32,998 - kedro.runner.sequential_runner - INFO - Completed 4 out of 7 tasks
2020-02-05 17:40:32,998 - kedro.io.data_catalog - INFO - Loading data from `X_train` (MemoryDataSet)...
2020-02-05 17:40:33,047 - kedro.io.data_catalog - INFO - Loading data from `y_train` (MemoryDataSet)...
2020-02-05 17:40:33,048 - kedro.pipeline.node - INFO - Running node: train_model([X_train,y_train]) -> [regressor]
2020-02-05 17:40:33,285 - dex_pipeline_kedro.pipelines.data_science.nodes - INFO - Ruuning 'train_model' took 0.24 seconds
2020-02-05 17:40:33,286 - kedro.io.data_catalog - INFO - Saving data to `regressor` (PickleLocalDataSet)...
2020-02-05 17:40:33,387 - kedro.runner.sequential_runner - INFO - Completed 5 out of 7 tasks
2020-02-05 17:40:33,387 - kedro.io.data_catalog - INFO - Loading data from `regressor` (PickleLocalDataSet)...
2020-02-05 17:40:33,396 - kedro.io.data_catalog - INFO - Loading data from `X_test` (MemoryDataSet)...
2020-02-05 17:40:33,408 - kedro.io.data_catalog - INFO - Loading data from `y_test` (MemoryDataSet)...
2020-02-05 17:40:33,409 - kedro.pipeline.node - INFO - Running node: evaluate_model([X_test,regressor,y_test]) -> [predictions]
2020-02-05 17:40:33,461 - dex_pipeline_kedro.pipelines.data_science.nodes - INFO - model has a coefficient R^2 of 0.456
2020-02-05 17:40:33,463 - dex_pipeline_kedro.pipelines.data_science.nodes - INFO - Ruuning 'evaluate_model' took 0.05 seconds
2020-02-05 17:40:33,464 - kedro.io.data_catalog - INFO - Saving data to `predictions` (CSVLocalDataSet)...
2020-02-05 17:40:33,935 - kedro.runner.sequential_runner - INFO - Completed 6 out of 7 tasks
2020-02-05 17:40:33,936 - kedro.io.data_catalog - INFO - Loading data from `regressor` (PickleLocalDataSet)...
2020-02-05 17:40:33,945 - kedro.io.data_catalog - INFO - Loading data from `X_test` (MemoryDataSet)...
2020-02-05 17:40:33,953 - kedro.io.data_catalog - INFO - Loading data from `y_test` (MemoryDataSet)...
2020-02-05 17:40:33,954 - kedro.pipeline.node - INFO - Running node: AUC_ROC([X_test,regressor,y_test]) -> None
2020-02-05 17:40:34,001 - kedro.pipeline.node - ERROR - Node `AUC_ROC([X_test,regressor,y_test]) -> None` failed with error: 
multiclass format is not supported
2020-02-05 17:40:34,039 - kedro.runner.sequential_runner - WARNING - There are 1 nodes that have not run.
You can resume the pipeline run with the following command:
kedro run --from-inputs y_test,regressor,X_test
2020-02-05 17:45:21,684 - root - INFO - ** Kedro project pipeline_Kedro
2020-02-05 17:45:21,688 - kedro.versioning.journal - WARNING - Unable to git describe C:\Users\takafumi.a.ito\Desktop\Job2020\DEX\Pipeline_Experimence\pipeline_Kedro
2020-02-05 17:45:21,702 - kedro.io.data_catalog - INFO - Loading data from `companies` (CSVLocalDataSet)...
2020-02-05 17:45:21,742 - kedro.pipeline.node - INFO - Running node: preprocessing_companies: preprocess_companies([companies]) -> [preprocessed_companies]
2020-02-05 17:45:21,789 - dex_pipeline_kedro.pipelines.data_engineering.nodes - INFO - Ruuning 'preprocess_companies' took 0.05 seconds
2020-02-05 17:45:21,789 - kedro.io.data_catalog - INFO - Saving data to `preprocessed_companies` (CSVLocalDataSet)...
2020-02-05 17:45:22,077 - kedro.runner.sequential_runner - INFO - Completed 1 out of 7 tasks
2020-02-05 17:45:22,077 - kedro.io.data_catalog - INFO - Loading data from `shuttles` (ExcelLocalDataSet)...
2020-02-05 17:45:29,931 - kedro.pipeline.node - INFO - Running node: preprocessing_shuttles: preprocess_shuttles([shuttles]) -> [preprocessed_shuttles]
2020-02-05 17:45:29,999 - dex_pipeline_kedro.pipelines.data_engineering.nodes - INFO - Ruuning 'preprocess_shuttles' took 0.07 seconds
2020-02-05 17:45:29,999 - kedro.io.data_catalog - INFO - Saving data to `preprocessed_shuttles` (CSVLocalDataSet)...
2020-02-05 17:45:30,573 - kedro.runner.sequential_runner - INFO - Completed 2 out of 7 tasks
2020-02-05 17:45:30,573 - kedro.io.data_catalog - INFO - Loading data from `preprocessed_shuttles` (CSVLocalDataSet)...
2020-02-05 17:45:30,678 - kedro.io.data_catalog - INFO - Loading data from `preprocessed_companies` (CSVLocalDataSet)...
2020-02-05 17:45:30,718 - kedro.io.data_catalog - INFO - Loading data from `reviews` (CSVLocalDataSet)...
2020-02-05 17:45:30,785 - kedro.pipeline.node - INFO - Running node: master_table: create_master_table([preprocessed_companies,preprocessed_shuttles,reviews]) -> [master_table]
2020-02-05 17:45:32,739 - dex_pipeline_kedro.pipelines.data_engineering.nodes - INFO - Ruuning 'create_master_table' took 1.95 seconds
2020-02-05 17:45:32,739 - kedro.io.data_catalog - INFO - Saving data to `master_table` (CSVLocalDataSet)...
2020-02-05 17:45:45,062 - kedro.runner.sequential_runner - INFO - Completed 3 out of 7 tasks
2020-02-05 17:45:45,062 - kedro.io.data_catalog - INFO - Loading data from `master_table` (CSVLocalDataSet)...
2020-02-05 17:45:47,070 - kedro.io.data_catalog - INFO - Loading data from `parameters` (MemoryDataSet)...
2020-02-05 17:45:47,071 - kedro.pipeline.node - INFO - Running node: split_data([master_table,parameters]) -> [X_test,X_train,y_test,y_train]
2020-02-05 17:45:47,390 - dex_pipeline_kedro.pipelines.data_science.nodes - INFO - Ruuning 'split_data' took 0.32 seconds
2020-02-05 17:45:47,390 - kedro.io.data_catalog - INFO - Saving data to `X_train` (MemoryDataSet)...
2020-02-05 17:45:47,424 - kedro.io.data_catalog - INFO - Saving data to `X_test` (MemoryDataSet)...
2020-02-05 17:45:47,433 - kedro.io.data_catalog - INFO - Saving data to `y_train` (MemoryDataSet)...
2020-02-05 17:45:47,434 - kedro.io.data_catalog - INFO - Saving data to `y_test` (MemoryDataSet)...
2020-02-05 17:45:47,491 - kedro.runner.sequential_runner - INFO - Completed 4 out of 7 tasks
2020-02-05 17:45:47,491 - kedro.io.data_catalog - INFO - Loading data from `X_train` (MemoryDataSet)...
2020-02-05 17:45:47,538 - kedro.io.data_catalog - INFO - Loading data from `y_train` (MemoryDataSet)...
2020-02-05 17:45:47,540 - kedro.pipeline.node - INFO - Running node: train_model([X_train,y_train]) -> [regressor]
2020-02-05 17:45:47,769 - dex_pipeline_kedro.pipelines.data_science.nodes - INFO - Ruuning 'train_model' took 0.23 seconds
2020-02-05 17:45:47,770 - kedro.io.data_catalog - INFO - Saving data to `regressor` (PickleLocalDataSet)...
2020-02-05 17:45:47,866 - kedro.runner.sequential_runner - INFO - Completed 5 out of 7 tasks
2020-02-05 17:45:47,867 - kedro.io.data_catalog - INFO - Loading data from `regressor` (PickleLocalDataSet)...
2020-02-05 17:45:48,011 - kedro.io.data_catalog - INFO - Loading data from `X_test` (MemoryDataSet)...
2020-02-05 17:45:48,020 - kedro.io.data_catalog - INFO - Loading data from `y_test` (MemoryDataSet)...
2020-02-05 17:45:48,022 - kedro.pipeline.node - INFO - Running node: evaluate_model([X_test,regressor,y_test]) -> [predictions]
2020-02-05 17:45:48,070 - dex_pipeline_kedro.pipelines.data_science.nodes - INFO - model has a coefficient R^2 of 0.456
2020-02-05 17:45:48,072 - dex_pipeline_kedro.pipelines.data_science.nodes - INFO - Ruuning 'evaluate_model' took 0.05 seconds
2020-02-05 17:45:48,072 - kedro.io.data_catalog - INFO - Saving data to `predictions` (CSVLocalDataSet)...
2020-02-05 17:45:48,539 - kedro.runner.sequential_runner - INFO - Completed 6 out of 7 tasks
2020-02-05 17:45:48,539 - kedro.io.data_catalog - INFO - Loading data from `regressor` (PickleLocalDataSet)...
2020-02-05 17:45:48,546 - kedro.io.data_catalog - INFO - Loading data from `X_test` (MemoryDataSet)...
2020-02-05 17:45:48,555 - kedro.io.data_catalog - INFO - Loading data from `y_test` (MemoryDataSet)...
2020-02-05 17:45:48,556 - kedro.pipeline.node - INFO - Running node: AUC_ROC([X_test,regressor,y_test]) -> None
2020-02-05 17:45:48,596 - kedro.pipeline.node - ERROR - Node `AUC_ROC([X_test,regressor,y_test]) -> None` failed with error: 
sequence too large; cannot be greater than 32
2020-02-05 17:45:48,598 - kedro.runner.sequential_runner - WARNING - There are 1 nodes that have not run.
You can resume the pipeline run with the following command:
kedro run --from-inputs regressor,X_test,y_test
2020-02-05 17:47:32,764 - root - INFO - ** Kedro project pipeline_Kedro
2020-02-05 17:47:32,767 - kedro.versioning.journal - WARNING - Unable to git describe C:\Users\takafumi.a.ito\Desktop\Job2020\DEX\Pipeline_Experimence\pipeline_Kedro
2020-02-05 17:47:32,782 - kedro.io.data_catalog - INFO - Loading data from `shuttles` (ExcelLocalDataSet)...
2020-02-05 17:47:40,734 - kedro.pipeline.node - INFO - Running node: preprocessing_shuttles: preprocess_shuttles([shuttles]) -> [preprocessed_shuttles]
2020-02-05 17:47:40,801 - dex_pipeline_kedro.pipelines.data_engineering.nodes - INFO - Ruuning 'preprocess_shuttles' took 0.07 seconds
2020-02-05 17:47:40,802 - kedro.io.data_catalog - INFO - Saving data to `preprocessed_shuttles` (CSVLocalDataSet)...
2020-02-05 17:47:41,374 - kedro.runner.sequential_runner - INFO - Completed 1 out of 7 tasks
2020-02-05 17:47:41,375 - kedro.io.data_catalog - INFO - Loading data from `companies` (CSVLocalDataSet)...
2020-02-05 17:47:41,420 - kedro.pipeline.node - INFO - Running node: preprocessing_companies: preprocess_companies([companies]) -> [preprocessed_companies]
2020-02-05 17:47:41,467 - dex_pipeline_kedro.pipelines.data_engineering.nodes - INFO - Ruuning 'preprocess_companies' took 0.05 seconds
2020-02-05 17:47:41,468 - kedro.io.data_catalog - INFO - Saving data to `preprocessed_companies` (CSVLocalDataSet)...
2020-02-05 17:47:41,768 - kedro.runner.sequential_runner - INFO - Completed 2 out of 7 tasks
2020-02-05 17:47:41,768 - kedro.io.data_catalog - INFO - Loading data from `preprocessed_shuttles` (CSVLocalDataSet)...
2020-02-05 17:47:41,888 - kedro.io.data_catalog - INFO - Loading data from `preprocessed_companies` (CSVLocalDataSet)...
2020-02-05 17:47:41,926 - kedro.io.data_catalog - INFO - Loading data from `reviews` (CSVLocalDataSet)...
2020-02-05 17:47:41,992 - kedro.pipeline.node - INFO - Running node: master_table: create_master_table([preprocessed_companies,preprocessed_shuttles,reviews]) -> [master_table]
2020-02-05 17:47:43,969 - dex_pipeline_kedro.pipelines.data_engineering.nodes - INFO - Ruuning 'create_master_table' took 1.98 seconds
2020-02-05 17:47:43,970 - kedro.io.data_catalog - INFO - Saving data to `master_table` (CSVLocalDataSet)...
2020-02-05 17:47:56,185 - kedro.runner.sequential_runner - INFO - Completed 3 out of 7 tasks
2020-02-05 17:47:56,185 - kedro.io.data_catalog - INFO - Loading data from `master_table` (CSVLocalDataSet)...
2020-02-05 17:47:58,292 - kedro.io.data_catalog - INFO - Loading data from `parameters` (MemoryDataSet)...
2020-02-05 17:47:58,292 - kedro.pipeline.node - INFO - Running node: split_data([master_table,parameters]) -> [X_test,X_train,y_test,y_train]
2020-02-05 17:47:58,623 - dex_pipeline_kedro.pipelines.data_science.nodes - INFO - Ruuning 'split_data' took 0.33 seconds
2020-02-05 17:47:58,623 - kedro.io.data_catalog - INFO - Saving data to `X_train` (MemoryDataSet)...
2020-02-05 17:47:58,664 - kedro.io.data_catalog - INFO - Saving data to `X_test` (MemoryDataSet)...
2020-02-05 17:47:58,675 - kedro.io.data_catalog - INFO - Saving data to `y_train` (MemoryDataSet)...
2020-02-05 17:47:58,676 - kedro.io.data_catalog - INFO - Saving data to `y_test` (MemoryDataSet)...
2020-02-05 17:47:58,737 - kedro.runner.sequential_runner - INFO - Completed 4 out of 7 tasks
2020-02-05 17:47:58,738 - kedro.io.data_catalog - INFO - Loading data from `X_train` (MemoryDataSet)...
2020-02-05 17:47:58,788 - kedro.io.data_catalog - INFO - Loading data from `y_train` (MemoryDataSet)...
2020-02-05 17:47:58,789 - kedro.pipeline.node - INFO - Running node: train_model([X_train,y_train]) -> [regressor]
2020-02-05 17:47:59,050 - dex_pipeline_kedro.pipelines.data_science.nodes - INFO - Ruuning 'train_model' took 0.26 seconds
2020-02-05 17:47:59,050 - kedro.io.data_catalog - INFO - Saving data to `regressor` (PickleLocalDataSet)...
2020-02-05 17:47:59,169 - kedro.runner.sequential_runner - INFO - Completed 5 out of 7 tasks
2020-02-05 17:47:59,169 - kedro.io.data_catalog - INFO - Loading data from `regressor` (PickleLocalDataSet)...
2020-02-05 17:47:59,181 - kedro.io.data_catalog - INFO - Loading data from `X_test` (MemoryDataSet)...
2020-02-05 17:47:59,194 - kedro.io.data_catalog - INFO - Loading data from `y_test` (MemoryDataSet)...
2020-02-05 17:47:59,195 - kedro.pipeline.node - INFO - Running node: AUC_ROC([X_test,regressor,y_test]) -> None
2020-02-05 17:48:00,333 - matplotlib.legend - WARNING - No handles with labels found to put in legend.
2020-02-05 17:48:01,532 - kedro.runner.sequential_runner - INFO - Completed 6 out of 7 tasks
2020-02-05 17:48:01,532 - kedro.io.data_catalog - INFO - Loading data from `regressor` (PickleLocalDataSet)...
2020-02-05 17:48:01,541 - kedro.io.data_catalog - INFO - Loading data from `X_test` (MemoryDataSet)...
2020-02-05 17:48:01,557 - kedro.io.data_catalog - INFO - Loading data from `y_test` (MemoryDataSet)...
2020-02-05 17:48:01,558 - kedro.pipeline.node - INFO - Running node: evaluate_model([X_test,regressor,y_test]) -> [predictions]
2020-02-05 17:48:01,610 - dex_pipeline_kedro.pipelines.data_science.nodes - INFO - model has a coefficient R^2 of 0.456
2020-02-05 17:48:01,612 - dex_pipeline_kedro.pipelines.data_science.nodes - INFO - Ruuning 'evaluate_model' took 0.05 seconds
2020-02-05 17:48:01,613 - kedro.io.data_catalog - INFO - Saving data to `predictions` (CSVLocalDataSet)...
2020-02-05 17:48:02,215 - kedro.runner.sequential_runner - INFO - Completed 7 out of 7 tasks
2020-02-05 17:48:02,215 - kedro.runner.sequential_runner - INFO - Pipeline execution completed successfully.
2020-02-05 17:48:28,836 - root - INFO - ** Kedro project pipeline_Kedro
2020-02-05 17:48:28,841 - kedro.versioning.journal - WARNING - Unable to git describe C:\Users\takafumi.a.ito\Desktop\Job2020\DEX\Pipeline_Experimence\pipeline_Kedro
2020-02-05 17:48:28,855 - kedro.io.data_catalog - INFO - Loading data from `shuttles` (ExcelLocalDataSet)...
2020-02-05 17:48:37,095 - kedro.pipeline.node - INFO - Running node: preprocessing_shuttles: preprocess_shuttles([shuttles]) -> [preprocessed_shuttles]
2020-02-05 17:48:37,165 - dex_pipeline_kedro.pipelines.data_engineering.nodes - INFO - Ruuning 'preprocess_shuttles' took 0.07 seconds
2020-02-05 17:48:37,165 - kedro.io.data_catalog - INFO - Saving data to `preprocessed_shuttles` (CSVLocalDataSet)...
2020-02-05 17:48:37,754 - kedro.runner.sequential_runner - INFO - Completed 1 out of 7 tasks
2020-02-05 17:48:37,754 - kedro.io.data_catalog - INFO - Loading data from `companies` (CSVLocalDataSet)...
2020-02-05 17:48:37,794 - kedro.pipeline.node - INFO - Running node: preprocessing_companies: preprocess_companies([companies]) -> [preprocessed_companies]
2020-02-05 17:48:37,843 - dex_pipeline_kedro.pipelines.data_engineering.nodes - INFO - Ruuning 'preprocess_companies' took 0.05 seconds
2020-02-05 17:48:37,843 - kedro.io.data_catalog - INFO - Saving data to `preprocessed_companies` (CSVLocalDataSet)...
2020-02-05 17:48:38,160 - kedro.runner.sequential_runner - INFO - Completed 2 out of 7 tasks
2020-02-05 17:48:38,160 - kedro.io.data_catalog - INFO - Loading data from `preprocessed_shuttles` (CSVLocalDataSet)...
2020-02-05 17:48:38,268 - kedro.io.data_catalog - INFO - Loading data from `preprocessed_companies` (CSVLocalDataSet)...
2020-02-05 17:48:38,308 - kedro.io.data_catalog - INFO - Loading data from `reviews` (CSVLocalDataSet)...
2020-02-05 17:48:38,376 - kedro.pipeline.node - INFO - Running node: master_table: create_master_table([preprocessed_companies,preprocessed_shuttles,reviews]) -> [master_table]
2020-02-05 17:48:40,363 - dex_pipeline_kedro.pipelines.data_engineering.nodes - INFO - Ruuning 'create_master_table' took 1.99 seconds
2020-02-05 17:48:40,364 - kedro.io.data_catalog - INFO - Saving data to `master_table` (CSVLocalDataSet)...
2020-02-05 17:48:52,523 - kedro.runner.sequential_runner - INFO - Completed 3 out of 7 tasks
2020-02-05 17:48:52,523 - kedro.io.data_catalog - INFO - Loading data from `master_table` (CSVLocalDataSet)...
2020-02-05 17:48:54,795 - kedro.io.data_catalog - INFO - Loading data from `parameters` (MemoryDataSet)...
2020-02-05 17:48:54,795 - kedro.pipeline.node - INFO - Running node: split_data([master_table,parameters]) -> [X_test,X_train,y_test,y_train]
2020-02-05 17:48:55,135 - dex_pipeline_kedro.pipelines.data_science.nodes - INFO - Ruuning 'split_data' took 0.34 seconds
2020-02-05 17:48:55,136 - kedro.io.data_catalog - INFO - Saving data to `X_train` (MemoryDataSet)...
2020-02-05 17:48:55,177 - kedro.io.data_catalog - INFO - Saving data to `X_test` (MemoryDataSet)...
2020-02-05 17:48:55,186 - kedro.io.data_catalog - INFO - Saving data to `y_train` (MemoryDataSet)...
2020-02-05 17:48:55,188 - kedro.io.data_catalog - INFO - Saving data to `y_test` (MemoryDataSet)...
2020-02-05 17:48:55,243 - kedro.runner.sequential_runner - INFO - Completed 4 out of 7 tasks
2020-02-05 17:48:55,243 - kedro.io.data_catalog - INFO - Loading data from `X_train` (MemoryDataSet)...
2020-02-05 17:48:55,289 - kedro.io.data_catalog - INFO - Loading data from `y_train` (MemoryDataSet)...
2020-02-05 17:48:55,290 - kedro.pipeline.node - INFO - Running node: train_model([X_train,y_train]) -> [regressor]
2020-02-05 17:48:55,519 - dex_pipeline_kedro.pipelines.data_science.nodes - INFO - Ruuning 'train_model' took 0.23 seconds
2020-02-05 17:48:55,519 - kedro.io.data_catalog - INFO - Saving data to `regressor` (PickleLocalDataSet)...
2020-02-05 17:48:55,634 - kedro.runner.sequential_runner - INFO - Completed 5 out of 7 tasks
2020-02-05 17:48:55,634 - kedro.io.data_catalog - INFO - Loading data from `regressor` (PickleLocalDataSet)...
2020-02-05 17:48:55,644 - kedro.io.data_catalog - INFO - Loading data from `X_test` (MemoryDataSet)...
2020-02-05 17:48:55,655 - kedro.io.data_catalog - INFO - Loading data from `y_test` (MemoryDataSet)...
2020-02-05 17:48:55,656 - kedro.pipeline.node - INFO - Running node: evaluate_model([X_test,regressor,y_test]) -> [predictions]
2020-02-05 17:48:55,706 - dex_pipeline_kedro.pipelines.data_science.nodes - INFO - model has a coefficient R^2 of 0.456
2020-02-05 17:48:55,708 - dex_pipeline_kedro.pipelines.data_science.nodes - INFO - Ruuning 'evaluate_model' took 0.05 seconds
2020-02-05 17:48:55,709 - kedro.io.data_catalog - INFO - Saving data to `predictions` (CSVLocalDataSet)...
2020-02-05 17:48:56,207 - kedro.runner.sequential_runner - INFO - Completed 6 out of 7 tasks
2020-02-05 17:48:56,207 - kedro.io.data_catalog - INFO - Loading data from `regressor` (PickleLocalDataSet)...
2020-02-05 17:48:56,216 - kedro.io.data_catalog - INFO - Loading data from `X_test` (MemoryDataSet)...
2020-02-05 17:48:56,228 - kedro.io.data_catalog - INFO - Loading data from `y_test` (MemoryDataSet)...
2020-02-05 17:48:56,229 - kedro.pipeline.node - INFO - Running node: AUC_ROC([X_test,regressor,y_test]) -> None
2020-02-05 17:48:56,600 - matplotlib.legend - WARNING - No handles with labels found to put in legend.
2020-02-05 17:48:57,722 - kedro.runner.sequential_runner - INFO - Completed 7 out of 7 tasks
2020-02-05 17:48:57,723 - kedro.runner.sequential_runner - INFO - Pipeline execution completed successfully.
2020-02-05 17:50:36,917 - root - INFO - ** Kedro project pipeline_Kedro
2020-02-05 17:50:36,921 - kedro.versioning.journal - WARNING - Unable to git describe C:\Users\takafumi.a.ito\Desktop\Job2020\DEX\Pipeline_Experimence\pipeline_Kedro
2020-02-05 17:51:12,237 - kedro.runner.parallel_runner - INFO - Pipeline execution completed successfully.
2020-02-05 18:08:55,975 - root - INFO - ** Kedro project pipeline_Kedro_to_git
2020-02-05 18:08:55,980 - kedro.versioning.journal - WARNING - Unable to git describe C:\Users\takafumi.a.ito\Desktop\Job2020\DEX\pipeline_Kedro_to_git
2020-02-05 18:08:55,995 - kedro.io.data_catalog - INFO - Loading data from `shuttles` (ExcelLocalDataSet)...
2020-02-05 18:09:03,950 - kedro.pipeline.node - INFO - Running node: preprocessing_shuttles: preprocess_shuttles([shuttles]) -> [preprocessed_shuttles]
2020-02-05 18:09:04,018 - pipeline_kedro_trial.pipelines.data_engineering.nodes - INFO - Ruuning 'preprocess_shuttles' took 0.07 seconds
2020-02-05 18:09:04,018 - kedro.io.data_catalog - INFO - Saving data to `preprocessed_shuttles` (CSVLocalDataSet)...
2020-02-05 18:09:04,597 - kedro.runner.sequential_runner - INFO - Completed 1 out of 7 tasks
2020-02-05 18:09:04,597 - kedro.io.data_catalog - INFO - Loading data from `companies` (CSVLocalDataSet)...
2020-02-05 18:09:04,637 - kedro.pipeline.node - INFO - Running node: preprocessing_companies: preprocess_companies([companies]) -> [preprocessed_companies]
2020-02-05 18:09:04,685 - pipeline_kedro_trial.pipelines.data_engineering.nodes - INFO - Ruuning 'preprocess_companies' took 0.05 seconds
2020-02-05 18:09:04,686 - kedro.io.data_catalog - INFO - Saving data to `preprocessed_companies` (CSVLocalDataSet)...
2020-02-05 18:09:04,976 - kedro.runner.sequential_runner - INFO - Completed 2 out of 7 tasks
2020-02-05 18:09:04,976 - kedro.io.data_catalog - INFO - Loading data from `preprocessed_shuttles` (CSVLocalDataSet)...
2020-02-05 18:09:05,098 - kedro.io.data_catalog - INFO - Loading data from `preprocessed_companies` (CSVLocalDataSet)...
2020-02-05 18:09:05,135 - kedro.io.data_catalog - INFO - Loading data from `reviews` (CSVLocalDataSet)...
2020-02-05 18:09:05,202 - kedro.pipeline.node - INFO - Running node: master_table: create_master_table([preprocessed_companies,preprocessed_shuttles,reviews]) -> [master_table]
2020-02-05 18:09:07,113 - pipeline_kedro_trial.pipelines.data_engineering.nodes - INFO - Ruuning 'create_master_table' took 1.91 seconds
2020-02-05 18:09:07,114 - kedro.io.data_catalog - INFO - Saving data to `master_table` (CSVLocalDataSet)...
2020-02-05 18:09:19,428 - kedro.runner.sequential_runner - INFO - Completed 3 out of 7 tasks
2020-02-05 18:09:19,429 - kedro.io.data_catalog - INFO - Loading data from `master_table` (CSVLocalDataSet)...
2020-02-05 18:09:21,355 - kedro.io.data_catalog - INFO - Loading data from `parameters` (MemoryDataSet)...
2020-02-05 18:09:21,356 - kedro.pipeline.node - INFO - Running node: split_data([master_table,parameters]) -> [X_test,X_train,y_test,y_train]
2020-02-05 18:09:21,688 - pipeline_kedro_trial.pipelines.data_science.nodes - INFO - Ruuning 'split_data' took 0.33 seconds
2020-02-05 18:09:21,688 - kedro.io.data_catalog - INFO - Saving data to `X_train` (MemoryDataSet)...
2020-02-05 18:09:21,722 - kedro.io.data_catalog - INFO - Saving data to `X_test` (MemoryDataSet)...
2020-02-05 18:09:21,731 - kedro.io.data_catalog - INFO - Saving data to `y_train` (MemoryDataSet)...
2020-02-05 18:09:21,733 - kedro.io.data_catalog - INFO - Saving data to `y_test` (MemoryDataSet)...
2020-02-05 18:09:21,784 - kedro.runner.sequential_runner - INFO - Completed 4 out of 7 tasks
2020-02-05 18:09:21,784 - kedro.io.data_catalog - INFO - Loading data from `X_train` (MemoryDataSet)...
2020-02-05 18:09:21,832 - kedro.io.data_catalog - INFO - Loading data from `y_train` (MemoryDataSet)...
2020-02-05 18:09:21,833 - kedro.pipeline.node - INFO - Running node: train_model([X_train,y_train]) -> [regressor]
2020-02-05 18:09:22,076 - pipeline_kedro_trial.pipelines.data_science.nodes - INFO - Ruuning 'train_model' took 0.24 seconds
2020-02-05 18:09:22,076 - kedro.io.data_catalog - INFO - Saving data to `regressor` (PickleLocalDataSet)...
2020-02-05 18:09:22,179 - kedro.runner.sequential_runner - INFO - Completed 5 out of 7 tasks
2020-02-05 18:09:22,179 - kedro.io.data_catalog - INFO - Loading data from `regressor` (PickleLocalDataSet)...
2020-02-05 18:09:22,207 - kedro.io.data_catalog - INFO - Loading data from `X_test` (MemoryDataSet)...
2020-02-05 18:09:22,216 - kedro.io.data_catalog - INFO - Loading data from `y_test` (MemoryDataSet)...
2020-02-05 18:09:22,217 - kedro.pipeline.node - INFO - Running node: evaluate_model([X_test,regressor,y_test]) -> [predictions]
2020-02-05 18:09:22,262 - pipeline_kedro_trial.pipelines.data_science.nodes - INFO - model has a coefficient R^2 of 0.456
2020-02-05 18:09:22,264 - pipeline_kedro_trial.pipelines.data_science.nodes - INFO - Ruuning 'evaluate_model' took 0.05 seconds
2020-02-05 18:09:22,264 - kedro.io.data_catalog - INFO - Saving data to `predictions` (CSVLocalDataSet)...
2020-02-05 18:09:22,715 - kedro.runner.sequential_runner - INFO - Completed 6 out of 7 tasks
2020-02-05 18:09:22,715 - kedro.io.data_catalog - INFO - Loading data from `regressor` (PickleLocalDataSet)...
2020-02-05 18:09:22,723 - kedro.io.data_catalog - INFO - Loading data from `X_test` (MemoryDataSet)...
2020-02-05 18:09:22,732 - kedro.io.data_catalog - INFO - Loading data from `y_test` (MemoryDataSet)...
2020-02-05 18:09:22,733 - kedro.pipeline.node - INFO - Running node: AUC_ROC([X_test,regressor,y_test]) -> None
2020-02-05 18:09:23,074 - matplotlib.legend - WARNING - No handles with labels found to put in legend.
2020-02-05 18:09:24,212 - kedro.runner.sequential_runner - INFO - Completed 7 out of 7 tasks
2020-02-05 18:09:24,212 - kedro.runner.sequential_runner - INFO - Pipeline execution completed successfully.
